#
# There is insufficient memory for the Java Runtime Environment to continue.
# Native memory allocation (malloc) failed to allocate 1856976 bytes for Chunk::new
# Possible reasons:
#   The system is out of physical RAM or swap space
#   The process is running with CompressedOops enabled, and the Java Heap may be blocking the growth of the native heap
# Possible solutions:
#   Reduce memory load on the system
#   Increase physical memory or swap space
#   Check if swap backing store is full
#   Decrease Java heap size (-Xmx/-Xms)
#   Decrease number of Java threads
#   Decrease Java thread stack sizes (-Xss)
#   Set larger code cache with -XX:ReservedCodeCacheSize=
#   JVM is running with Unscaled Compressed Oops mode in which the Java heap is
#     placed in the first 4GB address space. The Java Heap base address is the
#     maximum limit for the native heap growth. Please use -XX:HeapBaseMinAddress
#     to set the Java Heap base and to place the Java Heap above 4GB virtual address.
# This output file may be truncated or incomplete.
#
#  Out of Memory Error (arena.cpp:189), pid=31944, tid=12548
#
# JRE version: Java(TM) SE Runtime Environment (17.0.1+12) (build 17.0.1+12-LTS-39)
# Java VM: Java HotSpot(TM) 64-Bit Server VM (17.0.1+12-LTS-39, mixed mode, sharing, tiered, compressed oops, compressed class ptrs, g1 gc, windows-amd64)
# No core dump will be written. Minidumps are not enabled by default on client versions of Windows
#

---------------  S U M M A R Y ------------

Command Line: --module-path=C:\Users\alexa\.m2\repository\org\openjfx\javafx-base\18\javafx-base-18-win.jar;C:\Users\alexa\.m2\repository\org\openjfx\javafx-base\18\javafx-base-18.jar;C:\Users\alexa\.m2\repository\org\openjfx\javafx-controls\18\javafx-controls-18-win.jar;C:\Users\alexa\.m2\repository\org\openjfx\javafx-controls\18\javafx-controls-18.jar;C:\Users\alexa\.m2\repository\org\openjfx\javafx-graphics\18\javafx-graphics-18-win.jar;C:\Users\alexa\.m2\repository\org\openjfx\javafx-graphics\18\javafx-graphics-18.jar;C:\Users\alexa\.m2\repository\org\openjfx\javafx-media\18\javafx-media-18-win.jar;C:\Users\alexa\.m2\repository\org\openjfx\javafx-media\18\javafx-media-18.jar;C:\Users\alexa\.m2\repository\org\openjfx\javafx-web\18\javafx-web-18-win.jar;C:\Users\alexa\.m2\repository\org\openjfx\javafx-web\18\javafx-web-18.jar --add-modules=javafx.base,javafx.controls,javafx.graphics,javafx.media,javafx.web fr.insa.mariannie.infom3.GraphUserInterface

Host: AMD Ryzen 7 3700U with Radeon Vega Mobile Gfx  , 8 cores, 5G,  Windows 10 , 64 bit Build 19041 (10.0.19041.2364)
Time: Tue Jan 17 01:06:27 2023 Paris, Madrid elapsed time: 10.533472 seconds (0d 0h 0m 10s)

---------------  T H R E A D  ---------------

Current thread (0x000002074af203a0):  JavaThread "C2 CompilerThread0" daemon [_thread_in_native, id=12548, stack(0x000000d632900000,0x000000d632a00000)]


Current CompileTask:
C2:  10533 2929       4       java.lang.invoke.MethodType::makeImpl (109 bytes)

Stack: [0x000000d632900000,0x000000d632a00000]
Native frames: (J=compiled Java code, j=interpreted, Vv=VM code, C=native code)
V  [jvm.dll+0x66fa1a]
V  [jvm.dll+0x7ce5a4]
V  [jvm.dll+0x7cfd4e]
V  [jvm.dll+0x7d03b3]
V  [jvm.dll+0x242b05]
V  [jvm.dll+0xaa05b]
V  [jvm.dll+0xaa5ec]
V  [jvm.dll+0x35f9b2]
V  [jvm.dll+0x329f51]
V  [jvm.dll+0x3293fa]
V  [jvm.dll+0x215bf1]
V  [jvm.dll+0x215011]
V  [jvm.dll+0x1a168d]
V  [jvm.dll+0x224848]
V  [jvm.dll+0x2229ac]
V  [jvm.dll+0x78435b]
V  [jvm.dll+0x77e91a]
V  [jvm.dll+0x66e845]
C  [ucrtbase.dll+0x21bb2]
C  [KERNEL32.DLL+0x17614]
C  [ntdll.dll+0x526a1]


---------------  P R O C E S S  ---------------

Threads class SMR info:
_java_thread_list=0x0000020751518550, length=19, elements={
0x000002072c09e380, 0x000002074aef5d60, 0x000002074aef66f0, 0x000002074af0d7f0,
0x000002074af0ecd0, 0x000002074af0f1a0, 0x000002074af18690, 0x000002074af203a0,
0x000002074af22970, 0x000002074af34e70, 0x000002074aedfda0, 0x000002074bc6d170,
0x000002074bfcfff0, 0x000002074c1886a0, 0x000002074c188f40, 0x000002074c38d080,
0x000002074c3ba020, 0x00000207511e5480, 0x000002075151afc0
}

Java Threads: ( => current thread )
  0x000002072c09e380 JavaThread "main" [_thread_blocked, id=29012, stack(0x000000d631c00000,0x000000d631d00000)]
  0x000002074aef5d60 JavaThread "Reference Handler" daemon [_thread_blocked, id=35768, stack(0x000000d632300000,0x000000d632400000)]
  0x000002074aef66f0 JavaThread "Finalizer" daemon [_thread_blocked, id=26144, stack(0x000000d632400000,0x000000d632500000)]
  0x000002074af0d7f0 JavaThread "Signal Dispatcher" daemon [_thread_blocked, id=36340, stack(0x000000d632500000,0x000000d632600000)]
  0x000002074af0ecd0 JavaThread "Attach Listener" daemon [_thread_blocked, id=37952, stack(0x000000d632600000,0x000000d632700000)]
  0x000002074af0f1a0 JavaThread "Service Thread" daemon [_thread_blocked, id=39288, stack(0x000000d632700000,0x000000d632800000)]
  0x000002074af18690 JavaThread "Monitor Deflation Thread" daemon [_thread_blocked, id=37728, stack(0x000000d632800000,0x000000d632900000)]
=>0x000002074af203a0 JavaThread "C2 CompilerThread0" daemon [_thread_in_native, id=12548, stack(0x000000d632900000,0x000000d632a00000)]
  0x000002074af22970 JavaThread "C1 CompilerThread0" daemon [_thread_blocked, id=37416, stack(0x000000d632a00000,0x000000d632b00000)]
  0x000002074af34e70 JavaThread "Sweeper thread" daemon [_thread_blocked, id=22564, stack(0x000000d632b00000,0x000000d632c00000)]
  0x000002074aedfda0 JavaThread "Common-Cleaner" daemon [_thread_blocked, id=36356, stack(0x000000d632c00000,0x000000d632d00000)]
  0x000002074bc6d170 JavaThread "Notification Thread" daemon [_thread_blocked, id=13220, stack(0x000000d632e00000,0x000000d632f00000)]
  0x000002074bfcfff0 JavaThread "QuantumRenderer-0" daemon [_thread_blocked, id=34516, stack(0x000000d633000000,0x000000d633100000)]
  0x000002074c1886a0 JavaThread "InvokeLaterDispatcher" daemon [_thread_blocked, id=39600, stack(0x000000d633300000,0x000000d633400000)]
  0x000002074c188f40 JavaThread "JavaFX Application Thread" [_thread_in_native, id=32248, stack(0x000000d633400000,0x000000d633500000)]
  0x000002074c38d080 JavaThread "JavaFX-Launcher" [_thread_blocked, id=33432, stack(0x000000d633b00000,0x000000d633c00000)]
  0x000002074c3ba020 JavaThread "Thread-2" daemon [_thread_in_native, id=29360, stack(0x000000d632d00000,0x000000d632e00000)]
  0x00000207511e5480 JavaThread "Prism Font Disposer" daemon [_thread_blocked, id=35264, stack(0x000000d634300000,0x000000d634400000)]
  0x000002075151afc0 JavaThread "Cleaner-0" daemon [_thread_blocked, id=36064, stack(0x000000d634600000,0x000000d634700000)]

Other Threads:
  0x000002074aeee980 VMThread "VM Thread" [stack: 0x000000d632200000,0x000000d632300000] [id=33616]
  0x000002072e207bb0 WatcherThread [stack: 0x000000d632f00000,0x000000d633000000] [id=38556]
  0x000002072e1ef950 GCTaskThread "GC Thread#0" [stack: 0x000000d631d00000,0x000000d631e00000] [id=18508]
  0x000002074c3c3b00 GCTaskThread "GC Thread#1" [stack: 0x000000d633c00000,0x000000d633d00000] [id=38572]
  0x000002074c3e5030 GCTaskThread "GC Thread#2" [stack: 0x000000d633d00000,0x000000d633e00000] [id=23044]
  0x000002074c3d7730 GCTaskThread "GC Thread#3" [stack: 0x000000d633e00000,0x000000d633f00000] [id=35688]
  0x000002074c3d79e0 GCTaskThread "GC Thread#4" [stack: 0x000000d633f00000,0x000000d634000000] [id=38544]
  0x000002074c4241e0 GCTaskThread "GC Thread#5" [stack: 0x000000d634000000,0x000000d634100000] [id=34844]
  0x000002074c424f50 GCTaskThread "GC Thread#6" [stack: 0x000000d634400000,0x000000d634500000] [id=25904]
  0x000002074c4249f0 GCTaskThread "GC Thread#7" [stack: 0x000000d634500000,0x000000d634600000] [id=33716]
  0x000002072e1fc3e0 ConcurrentGCThread "G1 Main Marker" [stack: 0x000000d631e00000,0x000000d631f00000] [id=30468]
  0x000002072e1fcdd0 ConcurrentGCThread "G1 Conc#0" [stack: 0x000000d631f00000,0x000000d632000000] [id=37352]
  0x000002074adb0090 ConcurrentGCThread "G1 Refine#0" [stack: 0x000000d632000000,0x000000d632100000] [id=9032]
  0x000002072e28d9f0 ConcurrentGCThread "G1 Service" [stack: 0x000000d632100000,0x000000d632200000] [id=35888]

Threads with active compile tasks:
C2 CompilerThread0    10579 2929       4       java.lang.invoke.MethodType::makeImpl (109 bytes)

VM state: not at safepoint (normal execution)

VM Mutex/Monitor currently owned by a thread: None

Heap address: 0x00000000a1e00000, size: 1506 MB, Compressed Oops mode: 32-bit

CDS archive(s) mapped at: [0x0000000800000000-0x0000000800bc0000-0x0000000800bc0000), size 12320768, SharedBaseAddress: 0x0000000800000000, ArchiveRelocationMode: 0.
Compressed class space mapped at: 0x0000000800c00000-0x0000000840c00000, reserved size: 1073741824
Narrow klass base: 0x0000000800000000, Narrow klass shift: 0, Narrow klass range: 0x100000000

GC Precious Log:
 CPUs: 8 total, 8 available
 Memory: 6018M
 Large Page Support: Disabled
 NUMA Support: Disabled
 Compressed Oops: Enabled (32-bit)
 Heap Region Size: 1M
 Heap Min Capacity: 8M
 Heap Initial Capacity: 96M
 Heap Max Capacity: 1506M
 Pre-touch: Disabled
 Parallel Workers: 8
 Concurrent Workers: 2
 Concurrent Refinement Workers: 8
 Periodic GC: Disabled

Heap:
 garbage-first heap   total 98304K, used 56220K [0x00000000a1e00000, 0x0000000100000000)
  region size 1024K, 24 young (24576K), 5 survivors (5120K)
 Metaspace       used 18948K, committed 19200K, reserved 1073152K
  class space    used 2757K, committed 2880K, reserved 1048576K

Heap Regions: E=young(eden), S=young(survivor), O=old, HS=humongous(starts), HC=humongous(continues), CS=collection set, F=free, OA=open archive, CA=closed archive, TAMS=top-at-mark-start (previous, next)
|   0|0x00000000a1e00000, 0x00000000a1f00000, 0x00000000a1f00000|100%|HS|  |TAMS 0x00000000a1e00000, 0x00000000a1e00000| Complete 
|   1|0x00000000a1f00000, 0x00000000a2000000, 0x00000000a2000000|100%|HC|  |TAMS 0x00000000a1f00000, 0x00000000a1f00000| Complete 
|   2|0x00000000a2000000, 0x00000000a2100000, 0x00000000a2100000|100%|HC|  |TAMS 0x00000000a2000000, 0x00000000a2000000| Complete 
|   3|0x00000000a2100000, 0x00000000a2200000, 0x00000000a2200000|100%|HC|  |TAMS 0x00000000a2100000, 0x00000000a2100000| Complete 
|   4|0x00000000a2200000, 0x00000000a2300000, 0x00000000a2300000|100%|HC|  |TAMS 0x00000000a2200000, 0x00000000a2200000| Complete 
|   5|0x00000000a2300000, 0x00000000a2400000, 0x00000000a2400000|100%|HC|  |TAMS 0x00000000a2300000, 0x00000000a2300000| Complete 
|   6|0x00000000a2400000, 0x00000000a2500000, 0x00000000a2500000|100%|HC|  |TAMS 0x00000000a2400000, 0x00000000a2400000| Complete 
|   7|0x00000000a2500000, 0x00000000a2600000, 0x00000000a2600000|100%|HC|  |TAMS 0x00000000a2500000, 0x00000000a2500000| Complete 
|   8|0x00000000a2600000, 0x00000000a2700000, 0x00000000a2700000|100%| O|  |TAMS 0x00000000a2600000, 0x00000000a2600000| Untracked 
|   9|0x00000000a2700000, 0x00000000a2800000, 0x00000000a2800000|100%| O|  |TAMS 0x00000000a2700000, 0x00000000a2700000| Untracked 
|  10|0x00000000a2800000, 0x00000000a288d400, 0x00000000a2900000| 55%| O|  |TAMS 0x00000000a2800000, 0x00000000a2800000| Untracked 
|  11|0x00000000a2900000, 0x00000000a2a00000, 0x00000000a2a00000|100%|HS|  |TAMS 0x00000000a2900000, 0x00000000a2900000| Complete 
|  12|0x00000000a2a00000, 0x00000000a2b00000, 0x00000000a2b00000|100%|HC|  |TAMS 0x00000000a2a00000, 0x00000000a2a00000| Complete 
|  13|0x00000000a2b00000, 0x00000000a2c00000, 0x00000000a2c00000|100%|HS|  |TAMS 0x00000000a2b00000, 0x00000000a2b00000| Complete 
|  14|0x00000000a2c00000, 0x00000000a2d00000, 0x00000000a2d00000|100%|HC|  |TAMS 0x00000000a2c00000, 0x00000000a2c00000| Complete 
|  15|0x00000000a2d00000, 0x00000000a2e00000, 0x00000000a2e00000|100%|HC|  |TAMS 0x00000000a2d00000, 0x00000000a2d00000| Complete 
|  16|0x00000000a2e00000, 0x00000000a2f00000, 0x00000000a2f00000|100%|HC|  |TAMS 0x00000000a2e00000, 0x00000000a2e00000| Complete 
|  17|0x00000000a2f00000, 0x00000000a3000000, 0x00000000a3000000|100%|HC|  |TAMS 0x00000000a2f00000, 0x00000000a2f00000| Complete 
|  18|0x00000000a3000000, 0x00000000a3100000, 0x00000000a3100000|100%|HC|  |TAMS 0x00000000a3000000, 0x00000000a3000000| Complete 
|  19|0x00000000a3100000, 0x00000000a3200000, 0x00000000a3200000|100%|HS|  |TAMS 0x00000000a3100000, 0x00000000a3100000| Complete 
|  20|0x00000000a3200000, 0x00000000a3300000, 0x00000000a3300000|100%|HC|  |TAMS 0x00000000a3200000, 0x00000000a3200000| Complete 
|  21|0x00000000a3300000, 0x00000000a3400000, 0x00000000a3400000|100%|HC|  |TAMS 0x00000000a3300000, 0x00000000a3300000| Complete 
|  22|0x00000000a3400000, 0x00000000a3500000, 0x00000000a3500000|100%|HC|  |TAMS 0x00000000a3400000, 0x00000000a3400000| Complete 
|  23|0x00000000a3500000, 0x00000000a3600000, 0x00000000a3600000|100%|HC|  |TAMS 0x00000000a3500000, 0x00000000a3500000| Complete 
|  24|0x00000000a3600000, 0x00000000a3700000, 0x00000000a3700000|100%|HC|  |TAMS 0x00000000a3600000, 0x00000000a3600000| Complete 
|  25|0x00000000a3700000, 0x00000000a3800000, 0x00000000a3800000|100%|HS|  |TAMS 0x00000000a3700000, 0x00000000a3700000| Complete 
|  26|0x00000000a3800000, 0x00000000a3900000, 0x00000000a3900000|100%|HC|  |TAMS 0x00000000a3800000, 0x00000000a3800000| Complete 
|  27|0x00000000a3900000, 0x00000000a3a00000, 0x00000000a3a00000|100%|HC|  |TAMS 0x00000000a3900000, 0x00000000a3900000| Complete 
|  28|0x00000000a3a00000, 0x00000000a3b00000, 0x00000000a3b00000|100%|HC|  |TAMS 0x00000000a3a00000, 0x00000000a3a00000| Complete 
|  29|0x00000000a3b00000, 0x00000000a3c00000, 0x00000000a3c00000|100%|HC|  |TAMS 0x00000000a3b00000, 0x00000000a3b00000| Complete 
|  30|0x00000000a3c00000, 0x00000000a3d00000, 0x00000000a3d00000|100%|HC|  |TAMS 0x00000000a3c00000, 0x00000000a3c00000| Complete 
|  31|0x00000000a3d00000, 0x00000000a3e00000, 0x00000000a3e00000|100%|HS|  |TAMS 0x00000000a3d00000, 0x00000000a3d00000| Complete 
|  32|0x00000000a3e00000, 0x00000000a3f00000, 0x00000000a3f00000|100%|HC|  |TAMS 0x00000000a3e00000, 0x00000000a3e00000| Complete 
|  33|0x00000000a3f00000, 0x00000000a3f00000, 0x00000000a4000000|  0%| F|  |TAMS 0x00000000a3f00000, 0x00000000a3f00000| Untracked 
|  34|0x00000000a4000000, 0x00000000a4000000, 0x00000000a4100000|  0%| F|  |TAMS 0x00000000a4000000, 0x00000000a4000000| Untracked 
|  35|0x00000000a4100000, 0x00000000a4100000, 0x00000000a4200000|  0%| F|  |TAMS 0x00000000a4100000, 0x00000000a4100000| Untracked 
|  36|0x00000000a4200000, 0x00000000a4200000, 0x00000000a4300000|  0%| F|  |TAMS 0x00000000a4200000, 0x00000000a4200000| Untracked 
|  37|0x00000000a4300000, 0x00000000a4300000, 0x00000000a4400000|  0%| F|  |TAMS 0x00000000a4300000, 0x00000000a4300000| Untracked 
|  38|0x00000000a4400000, 0x00000000a4400000, 0x00000000a4500000|  0%| F|  |TAMS 0x00000000a4400000, 0x00000000a4400000| Untracked 
|  39|0x00000000a4500000, 0x00000000a4500000, 0x00000000a4600000|  0%| F|  |TAMS 0x00000000a4500000, 0x00000000a4500000| Untracked 
|  40|0x00000000a4600000, 0x00000000a4600000, 0x00000000a4700000|  0%| F|  |TAMS 0x00000000a4600000, 0x00000000a4600000| Untracked 
|  41|0x00000000a4700000, 0x00000000a4700000, 0x00000000a4800000|  0%| F|  |TAMS 0x00000000a4700000, 0x00000000a4700000| Untracked 
|  42|0x00000000a4800000, 0x00000000a4800000, 0x00000000a4900000|  0%| F|  |TAMS 0x00000000a4800000, 0x00000000a4800000| Untracked 
|  43|0x00000000a4900000, 0x00000000a4900000, 0x00000000a4a00000|  0%| F|  |TAMS 0x00000000a4900000, 0x00000000a4900000| Untracked 
|  44|0x00000000a4a00000, 0x00000000a4a00000, 0x00000000a4b00000|  0%| F|  |TAMS 0x00000000a4a00000, 0x00000000a4a00000| Untracked 
|  45|0x00000000a4b00000, 0x00000000a4b00000, 0x00000000a4c00000|  0%| F|  |TAMS 0x00000000a4b00000, 0x00000000a4b00000| Untracked 
|  46|0x00000000a4c00000, 0x00000000a4c00000, 0x00000000a4d00000|  0%| F|  |TAMS 0x00000000a4c00000, 0x00000000a4c00000| Untracked 
|  47|0x00000000a4d00000, 0x00000000a4d00000, 0x00000000a4e00000|  0%| F|  |TAMS 0x00000000a4d00000, 0x00000000a4d00000| Untracked 
|  48|0x00000000a4e00000, 0x00000000a4e00000, 0x00000000a4f00000|  0%| F|  |TAMS 0x00000000a4e00000, 0x00000000a4e00000| Untracked 
|  49|0x00000000a4f00000, 0x00000000a4f00000, 0x00000000a5000000|  0%| F|  |TAMS 0x00000000a4f00000, 0x00000000a4f00000| Untracked 
|  50|0x00000000a5000000, 0x00000000a5000000, 0x00000000a5100000|  0%| F|  |TAMS 0x00000000a5000000, 0x00000000a5000000| Untracked 
|  51|0x00000000a5100000, 0x00000000a5100000, 0x00000000a5200000|  0%| F|  |TAMS 0x00000000a5100000, 0x00000000a5100000| Untracked 
|  52|0x00000000a5200000, 0x00000000a5200000, 0x00000000a5300000|  0%| F|  |TAMS 0x00000000a5200000, 0x00000000a5200000| Untracked 
|  53|0x00000000a5300000, 0x00000000a5300000, 0x00000000a5400000|  0%| F|  |TAMS 0x00000000a5300000, 0x00000000a5300000| Untracked 
|  54|0x00000000a5400000, 0x00000000a5400000, 0x00000000a5500000|  0%| F|  |TAMS 0x00000000a5400000, 0x00000000a5400000| Untracked 
|  55|0x00000000a5500000, 0x00000000a5500000, 0x00000000a5600000|  0%| F|  |TAMS 0x00000000a5500000, 0x00000000a5500000| Untracked 
|  56|0x00000000a5600000, 0x00000000a5659cc0, 0x00000000a5700000| 35%| S|CS|TAMS 0x00000000a5600000, 0x00000000a5600000| Complete 
|  57|0x00000000a5700000, 0x00000000a5800000, 0x00000000a5800000|100%| S|CS|TAMS 0x00000000a5700000, 0x00000000a5700000| Complete 
|  58|0x00000000a5800000, 0x00000000a5900000, 0x00000000a5900000|100%| S|CS|TAMS 0x00000000a5800000, 0x00000000a5800000| Complete 
|  59|0x00000000a5900000, 0x00000000a5a00000, 0x00000000a5a00000|100%| S|CS|TAMS 0x00000000a5900000, 0x00000000a5900000| Complete 
|  60|0x00000000a5a00000, 0x00000000a5b00000, 0x00000000a5b00000|100%| S|CS|TAMS 0x00000000a5a00000, 0x00000000a5a00000| Complete 
|  61|0x00000000a5b00000, 0x00000000a5b00000, 0x00000000a5c00000|  0%| F|  |TAMS 0x00000000a5b00000, 0x00000000a5b00000| Untracked 
|  62|0x00000000a5c00000, 0x00000000a5c00000, 0x00000000a5d00000|  0%| F|  |TAMS 0x00000000a5c00000, 0x00000000a5c00000| Untracked 
|  63|0x00000000a5d00000, 0x00000000a5d00000, 0x00000000a5e00000|  0%| F|  |TAMS 0x00000000a5d00000, 0x00000000a5d00000| Untracked 
|  64|0x00000000a5e00000, 0x00000000a5e00000, 0x00000000a5f00000|  0%| F|  |TAMS 0x00000000a5e00000, 0x00000000a5e00000| Untracked 
|  65|0x00000000a5f00000, 0x00000000a5f00000, 0x00000000a6000000|  0%| F|  |TAMS 0x00000000a5f00000, 0x00000000a5f00000| Untracked 
|  66|0x00000000a6000000, 0x00000000a6000000, 0x00000000a6100000|  0%| F|  |TAMS 0x00000000a6000000, 0x00000000a6000000| Untracked 
|  67|0x00000000a6100000, 0x00000000a6100000, 0x00000000a6200000|  0%| F|  |TAMS 0x00000000a6100000, 0x00000000a6100000| Untracked 
|  68|0x00000000a6200000, 0x00000000a6200000, 0x00000000a6300000|  0%| F|  |TAMS 0x00000000a6200000, 0x00000000a6200000| Untracked 
|  69|0x00000000a6300000, 0x00000000a6300000, 0x00000000a6400000|  0%| F|  |TAMS 0x00000000a6300000, 0x00000000a6300000| Untracked 
|  70|0x00000000a6400000, 0x00000000a6400000, 0x00000000a6500000|  0%| F|  |TAMS 0x00000000a6400000, 0x00000000a6400000| Untracked 
|  71|0x00000000a6500000, 0x00000000a6500000, 0x00000000a6600000|  0%| F|  |TAMS 0x00000000a6500000, 0x00000000a6500000| Untracked 
|  72|0x00000000a6600000, 0x00000000a6600000, 0x00000000a6700000|  0%| F|  |TAMS 0x00000000a6600000, 0x00000000a6600000| Untracked 
|  73|0x00000000a6700000, 0x00000000a6700000, 0x00000000a6800000|  0%| F|  |TAMS 0x00000000a6700000, 0x00000000a6700000| Untracked 
|  74|0x00000000a6800000, 0x00000000a6800000, 0x00000000a6900000|  0%| F|  |TAMS 0x00000000a6800000, 0x00000000a6800000| Untracked 
|  75|0x00000000a6900000, 0x00000000a6900000, 0x00000000a6a00000|  0%| F|  |TAMS 0x00000000a6900000, 0x00000000a6900000| Untracked 
|  76|0x00000000a6a00000, 0x00000000a6a00000, 0x00000000a6b00000|  0%| F|  |TAMS 0x00000000a6a00000, 0x00000000a6a00000| Untracked 
|  77|0x00000000a6b00000, 0x00000000a6bfa1c8, 0x00000000a6c00000| 97%| E|  |TAMS 0x00000000a6b00000, 0x00000000a6b00000| Complete 
|  78|0x00000000a6c00000, 0x00000000a6d00000, 0x00000000a6d00000|100%| E|CS|TAMS 0x00000000a6c00000, 0x00000000a6c00000| Complete 
|  79|0x00000000a6d00000, 0x00000000a6e00000, 0x00000000a6e00000|100%| E|CS|TAMS 0x00000000a6d00000, 0x00000000a6d00000| Complete 
|  80|0x00000000a6e00000, 0x00000000a6f00000, 0x00000000a6f00000|100%| E|CS|TAMS 0x00000000a6e00000, 0x00000000a6e00000| Complete 
|  81|0x00000000a6f00000, 0x00000000a7000000, 0x00000000a7000000|100%| E|CS|TAMS 0x00000000a6f00000, 0x00000000a6f00000| Complete 
|  82|0x00000000a7000000, 0x00000000a7100000, 0x00000000a7100000|100%| E|CS|TAMS 0x00000000a7000000, 0x00000000a7000000| Complete 
|  83|0x00000000a7100000, 0x00000000a7200000, 0x00000000a7200000|100%| E|CS|TAMS 0x00000000a7100000, 0x00000000a7100000| Complete 
|  84|0x00000000a7200000, 0x00000000a7300000, 0x00000000a7300000|100%| E|CS|TAMS 0x00000000a7200000, 0x00000000a7200000| Complete 
|  85|0x00000000a7300000, 0x00000000a7400000, 0x00000000a7400000|100%| E|CS|TAMS 0x00000000a7300000, 0x00000000a7300000| Complete 
|  86|0x00000000a7400000, 0x00000000a7500000, 0x00000000a7500000|100%| E|CS|TAMS 0x00000000a7400000, 0x00000000a7400000| Complete 
|  87|0x00000000a7500000, 0x00000000a7600000, 0x00000000a7600000|100%| E|CS|TAMS 0x00000000a7500000, 0x00000000a7500000| Complete 
|  88|0x00000000a7600000, 0x00000000a7700000, 0x00000000a7700000|100%| E|CS|TAMS 0x00000000a7600000, 0x00000000a7600000| Complete 
|  89|0x00000000a7700000, 0x00000000a7800000, 0x00000000a7800000|100%| E|CS|TAMS 0x00000000a7700000, 0x00000000a7700000| Complete 
|  90|0x00000000a7800000, 0x00000000a7900000, 0x00000000a7900000|100%| E|CS|TAMS 0x00000000a7800000, 0x00000000a7800000| Complete 
|  91|0x00000000a7900000, 0x00000000a7a00000, 0x00000000a7a00000|100%| E|CS|TAMS 0x00000000a7900000, 0x00000000a7900000| Complete 
|  92|0x00000000a7a00000, 0x00000000a7b00000, 0x00000000a7b00000|100%| E|CS|TAMS 0x00000000a7a00000, 0x00000000a7a00000| Complete 
|  93|0x00000000a7b00000, 0x00000000a7c00000, 0x00000000a7c00000|100%| E|CS|TAMS 0x00000000a7b00000, 0x00000000a7b00000| Complete 
|  94|0x00000000a7c00000, 0x00000000a7d00000, 0x00000000a7d00000|100%| E|CS|TAMS 0x00000000a7c00000, 0x00000000a7c00000| Complete 
|  95|0x00000000a7d00000, 0x00000000a7e00000, 0x00000000a7e00000|100%| E|CS|TAMS 0x00000000a7d00000, 0x00000000a7d00000| Complete 

Card table byte_map: [0x0000020745000000,0x0000020745300000] _byte_map_base: 0x0000020744af1000

Marking Bits (Prev, Next): (CMBitMap*) 0x000002072e1efe70, (CMBitMap*) 0x000002072e1efeb0
 Prev Bits: [0x0000020745600000, 0x0000020746d88000)
 Next Bits: [0x0000020746d90000, 0x0000020748518000)

Polling page: 0x000002072d990000

Metaspace:

Usage:
  Non-class:     15.81 MB used.
      Class:      2.69 MB used.
       Both:     18.50 MB used.

Virtual space:
  Non-class space:       24.00 MB reserved,      15.94 MB ( 66%) committed,  3 nodes.
      Class space:        1.00 GB reserved,       2.81 MB ( <1%) committed,  1 nodes.
             Both:        1.02 GB reserved,      18.75 MB (  2%) committed. 

Chunk freelists:
   Non-Class:  3.66 MB
       Class:  1.22 MB
        Both:  4.88 MB

MaxMetaspaceSize: unlimited
CompressedClassSpaceSize: 1.00 GB
Initial GC threshold: 21.00 MB
Current GC threshold: 21.00 MB
CDS: on
MetaspaceReclaimPolicy: balanced
 - commit_granule_bytes: 65536.
 - commit_granule_words: 8192.
 - virtual_space_node_default_size: 1048576.
 - enlarge_chunks_in_place: 1.
 - new_chunks_are_fully_committed: 0.
 - uncommit_free_chunks: 1.
 - use_allocation_guard: 0.
 - handle_deallocations: 1.


Internal statistics:

num_allocs_failed_limit: 0.
num_arena_births: 194.
num_arena_deaths: 0.
num_vsnodes_births: 4.
num_vsnodes_deaths: 0.
num_space_committed: 300.
num_space_uncommitted: 0.
num_chunks_returned_to_freelist: 0.
num_chunks_taken_from_freelist: 779.
num_chunk_merges: 0.
num_chunk_splits: 563.
num_chunks_enlarged: 469.
num_purges: 0.
num_inconsistent_stats: 0.

CodeHeap 'non-profiled nmethods': size=120000Kb used=1047Kb max_used=1047Kb free=118952Kb
 bounds [0x000002073d490000, 0x000002073d700000, 0x00000207449c0000]
CodeHeap 'profiled nmethods': size=120000Kb used=6048Kb max_used=6048Kb free=113951Kb
 bounds [0x0000020735f60000, 0x0000020736550000, 0x000002073d490000]
CodeHeap 'non-nmethods': size=5760Kb used=1459Kb max_used=1474Kb free=4300Kb
 bounds [0x00000207359c0000, 0x0000020735c30000, 0x0000020735f60000]
 total_blobs=3952 nmethods=3128 adapters=735
 compilation: enabled
              stopped_count=0, restarted_count=0
 full_count=0

Compilation events (20 events):
Event: 10.520 Thread 0x000002074af22970 3136       3       com.sun.marlin.Renderer::curveBreakIntoLinesAndAdd (485 bytes)
Event: 10.521 Thread 0x000002074af22970 nmethod 3136 0x0000020736542690 code [0x0000020736542a20, 0x00000207365431b8]
Event: 10.521 Thread 0x000002074af22970 3133       3       com.sun.prism.impl.ManagedResource::unlock (15 bytes)
Event: 10.521 Thread 0x000002074af22970 nmethod 3133 0x0000020736543590 code [0x0000020736543740, 0x00000207365439c8]
Event: 10.521 Thread 0x000002074af22970 3134       3       com.sun.marlin.Renderer::curveTo (84 bytes)
Event: 10.521 Thread 0x000002074af22970 nmethod 3134 0x0000020736543b10 code [0x0000020736543d80, 0x0000020736544218]
Event: 10.521 Thread 0x000002074af22970 3135       3       com.sun.marlin.Curve::set (153 bytes)
Event: 10.522 Thread 0x000002074af22970 nmethod 3135 0x0000020736544590 code [0x0000020736544780, 0x0000020736544938]
Event: 10.522 Thread 0x000002074af22970 3140       3       com.sun.javafx.geom.Path2D::lineTo (78 bytes)
Event: 10.522 Thread 0x000002074af22970 nmethod 3140 0x0000020736544a10 code [0x0000020736544bc0, 0x0000020736544de8]
Event: 10.522 Thread 0x000002074af22970 3138       3       com.sun.prism.impl.BaseTexture::lock (9 bytes)
Event: 10.522 Thread 0x000002074af22970 nmethod 3138 0x0000020736544f90 code [0x0000020736545120, 0x0000020736545298]
Event: 10.522 Thread 0x000002074af22970 3137       3       javafx.scene.layout.Border::isEmpty (30 bytes)
Event: 10.522 Thread 0x000002074af22970 nmethod 3137 0x0000020736545390 code [0x0000020736545540, 0x0000020736545878]
Event: 10.522 Thread 0x000002074af22970 3139       1       com.sun.prism.impl.BaseGraphics::setCompositeMode (6 bytes)
Event: 10.522 Thread 0x000002074af22970 nmethod 3139 0x000002073d595c90 code [0x000002073d595e20, 0x000002073d595f38]
Event: 10.523 Thread 0x000002074af22970 3142       3       com.sun.prism.impl.ps.BaseShaderContext::checkState (211 bytes)
Event: 10.524 Thread 0x000002074af22970 nmethod 3142 0x0000020736545990 code [0x0000020736545c80, 0x00000207365470e8]
Event: 10.524 Thread 0x000002074af22970 3143       3       com.sun.prism.d3d.D3DTexture::getContext (17 bytes)
Event: 10.524 Thread 0x000002074af22970 nmethod 3143 0x0000020736547790 code [0x0000020736547960, 0x0000020736547ee8]

GC Heap History (4 events):
Event: 1.980 GC heap before
{Heap before GC invocations=0 (full 0):
 garbage-first heap   total 98304K, used 22528K [0x00000000a1e00000, 0x0000000100000000)
  region size 1024K, 23 young (23552K), 0 survivors (0K)
 Metaspace       used 5088K, committed 5312K, reserved 1056768K
  class space    used 637K, committed 768K, reserved 1048576K
}
Event: 1.984 GC heap after
{Heap after GC invocations=1 (full 0):
 garbage-first heap   total 98304K, used 2764K [0x00000000a1e00000, 0x0000000100000000)
  region size 1024K, 3 young (3072K), 3 survivors (3072K)
 Metaspace       used 5088K, committed 5312K, reserved 1056768K
  class space    used 637K, committed 768K, reserved 1048576K
}
Event: 4.349 GC heap before
{Heap before GC invocations=1 (full 0):
 garbage-first heap   total 98304K, used 43724K [0x00000000a1e00000, 0x0000000100000000)
  region size 1024K, 35 young (35840K), 3 survivors (3072K)
 Metaspace       used 14514K, committed 14656K, reserved 1064960K
  class space    used 2116K, committed 2176K, reserved 1048576K
}
Event: 4.357 GC heap after
{Heap after GC invocations=2 (full 0):
 garbage-first heap   total 98304K, used 15260K [0x00000000a1e00000, 0x0000000100000000)
  region size 1024K, 5 young (5120K), 5 survivors (5120K)
 Metaspace       used 14514K, committed 14656K, reserved 1064960K
  class space    used 2116K, committed 2176K, reserved 1048576K
}

Deoptimization events (20 events):
Event: 10.419 Thread 0x000002074c188f40 DEOPT PACKING pc=0x000002073d4f859c sp=0x000000d6334fd5d0
Event: 10.420 Thread 0x000002074c188f40 DEOPT UNPACKING pc=0x0000020735a123a3 sp=0x000000d6334fd578 mode 2
Event: 10.420 Thread 0x000002074c188f40 Uncommon trap: trap_request=0xffffffde fr.pc=0x000002073d4f859c relative=0x000000000000015c
Event: 10.420 Thread 0x000002074c188f40 Uncommon trap: reason=class_check action=maybe_recompile pc=0x000002073d4f859c method=java.util.stream.ReferencePipeline$2$1.accept(Ljava/lang/Object;)V @ 21 c2
Event: 10.420 Thread 0x000002074c188f40 DEOPT PACKING pc=0x000002073d4f859c sp=0x000000d6334fd5d0
Event: 10.420 Thread 0x000002074c188f40 DEOPT UNPACKING pc=0x0000020735a123a3 sp=0x000000d6334fd578 mode 2
Event: 10.462 Thread 0x000002074bfcfff0 DEOPT PACKING pc=0x000002073633b7eb sp=0x000000d6330fd730
Event: 10.462 Thread 0x000002074bfcfff0 DEOPT UNPACKING pc=0x0000020735a12b43 sp=0x000000d6330fcaf8 mode 0
Event: 10.466 Thread 0x000002074bfcfff0 DEOPT PACKING pc=0x0000020736334a42 sp=0x000000d6330fd560
Event: 10.466 Thread 0x000002074bfcfff0 DEOPT UNPACKING pc=0x0000020735a12b43 sp=0x000000d6330fc9f0 mode 0
Event: 10.484 Thread 0x000002074bfcfff0 DEOPT PACKING pc=0x0000020736334a42 sp=0x000000d6330fdf50
Event: 10.484 Thread 0x000002074bfcfff0 DEOPT UNPACKING pc=0x0000020735a12b43 sp=0x000000d6330fd3e0 mode 0
Event: 10.516 Thread 0x000002074bfcfff0 DEOPT PACKING pc=0x0000020736334a42 sp=0x000000d6330fdb00
Event: 10.516 Thread 0x000002074bfcfff0 DEOPT UNPACKING pc=0x0000020735a12b43 sp=0x000000d6330fcf90 mode 0
Event: 10.519 Thread 0x000002074bfcfff0 DEOPT PACKING pc=0x0000020736334a42 sp=0x000000d6330fd7c0
Event: 10.519 Thread 0x000002074bfcfff0 DEOPT UNPACKING pc=0x0000020735a12b43 sp=0x000000d6330fcc50 mode 0
Event: 10.521 Thread 0x000002074bfcfff0 DEOPT PACKING pc=0x0000020736334a42 sp=0x000000d6330fd530
Event: 10.521 Thread 0x000002074bfcfff0 DEOPT UNPACKING pc=0x0000020735a12b43 sp=0x000000d6330fc9c0 mode 0
Event: 10.523 Thread 0x000002074bfcfff0 DEOPT PACKING pc=0x0000020736334a42 sp=0x000000d6330fdbb0
Event: 10.523 Thread 0x000002074bfcfff0 DEOPT UNPACKING pc=0x0000020735a12b43 sp=0x000000d6330fd040 mode 0

Classes unloaded (0 events):
No events

Classes redefined (0 events):
No events

Internal exceptions (20 events):
Event: 3.554 Thread 0x000002074c188f40 Exception <a 'java/lang/NoSuchMethodError'{0x00000000a73529e8}: 'int java.lang.invoke.DirectMethodHandle$Holder.invokeSpecial(java.lang.Object, java.lang.Object, java.lang.Object)'> (0x00000000a73529e8) 
thrown [t:\workspace\open\src\hotspot\share\interpreter\linkResolver.cpp, line 766]
Event: 3.596 Thread 0x000002074c188f40 Exception <a 'java/lang/NoSuchMethodError'{0x00000000a725c728}: 'java.lang.Object java.lang.invoke.DirectMethodHandle$Holder.invokeStaticInit(java.lang.Object, int, int, int, int)'> (0x00000000a725c728) 
thrown [t:\workspace\open\src\hotspot\share\interpreter\linkResolver.cpp, line 766]
Event: 3.677 Thread 0x000002074c188f40 Exception <a 'java/lang/NoSuchMethodError'{0x00000000a713c1c0}: 'java.lang.Object java.lang.invoke.DirectMethodHandle$Holder.invokeStaticInit(java.lang.Object, java.lang.Object, int, int, int, int)'> (0x00000000a713c1c0) 
thrown [t:\workspace\open\src\hotspot\share\interpreter\linkResolver.cpp, line 766]
Event: 3.747 Thread 0x000002074c188f40 Exception <a 'sun/nio/fs/WindowsException'{0x00000000a70c77f8}> (0x00000000a70c77f8) 
thrown [t:\workspace\open\src\hotspot\share\prims\jni.cpp, line 516]
Event: 4.093 Thread 0x000002074c188f40 Implicit null exception at 0x000002073d50d58c to 0x000002073d50d97c
Event: 4.094 Thread 0x000002074c188f40 Implicit null exception at 0x000002073d50df8c to 0x000002073d50e354
Event: 4.095 Thread 0x000002074c188f40 Implicit null exception at 0x000002073d4af80f to 0x000002073d4af889
Event: 4.240 Thread 0x000002074c188f40 Exception <a 'java/lang/NoSuchMethodError'{0x00000000a6049a28}: 'java.lang.Object java.lang.invoke.DirectMethodHandle$Holder.invokeInterface(java.lang.Object, java.lang.Object, java.lang.Object)'> (0x00000000a6049a28) 
thrown [t:\workspace\open\src\hotspot\share\interpreter\linkResolver.cpp, line 766]
Event: 4.240 Thread 0x000002074c188f40 Exception <a 'java/lang/IncompatibleClassChangeError'{0x00000000a604d3b0}: Found class java.lang.Object, but interface was expected> (0x00000000a604d3b0) 
thrown [t:\workspace\open\src\hotspot\share\interpreter\linkResolver.cpp, line 833]
Event: 4.284 Thread 0x000002074c188f40 Exception <a 'java/lang/ClassNotFoundException'{0x00000000a5e58338}: com/sun/javafx/scene/control/skin/resources/controls> (0x00000000a5e58338) 
thrown [t:\workspace\open\src\hotspot\share\prims\jni.cpp, line 535]
Event: 4.286 Thread 0x000002074c188f40 Exception <a 'java/lang/ClassNotFoundException'{0x00000000a5e66530}: com/sun/javafx/scene/control/skin/resources/controls_fr> (0x00000000a5e66530) 
thrown [t:\workspace\open\src\hotspot\share\prims\jni.cpp, line 535]
Event: 4.288 Thread 0x000002074c188f40 Exception <a 'java/lang/ClassNotFoundException'{0x00000000a5e74268}: com/sun/javafx/scene/control/skin/resources/controls_fr_FR> (0x00000000a5e74268) 
thrown [t:\workspace\open\src\hotspot\share\prims\jni.cpp, line 535]
Event: 4.330 Thread 0x000002074c188f40 Exception <a 'java/lang/NoSuchMethodError'{0x00000000a5c30838}: 'void java.lang.invoke.DirectMethodHandle$Holder.invokeSpecial(java.lang.Object, java.lang.Object, java.lang.Object, java.lang.Object, java.lang.Object, java.lang.Object)'> (0x00000000a5c30838) 
thrown [t:\workspace\open\src\hotspot\share\interpreter\linkResolver.cpp, line 766]
Event: 4.444 Thread 0x000002074c188f40 Exception <a 'java/lang/NoSuchMethodError'{0x00000000a7b98f48}: 'java.lang.Object java.lang.invoke.DirectMethodHandle$Holder.newInvokeSpecial(java.lang.Object, java.lang.Object, int)'> (0x00000000a7b98f48) 
thrown [t:\workspace\open\src\hotspot\share\interpreter\linkResolver.cpp, line 766]
Event: 4.488 Thread 0x000002074c188f40 Exception <a 'java/lang/NoSuchMethodError'{0x00000000a7989560}: 'long java.lang.invoke.DirectMethodHandle$Holder.invokeStatic(java.lang.Object, java.lang.Object, java.lang.Object)'> (0x00000000a7989560) 
thrown [t:\workspace\open\src\hotspot\share\interpreter\linkResolver.cpp, line 766]
Event: 4.488 Thread 0x000002074c188f40 Exception <a 'java/lang/NoSuchMethodError'{0x00000000a798cd08}: 'long java.lang.invoke.DirectMethodHandle$Holder.invokeStaticInit(java.lang.Object, java.lang.Object, java.lang.Object)'> (0x00000000a798cd08) 
thrown [t:\workspace\open\src\hotspot\share\interpreter\linkResolver.cpp, line 766]
Event: 4.491 Thread 0x000002074c188f40 Exception <a 'java/lang/NoSuchMethodError'{0x00000000a79a4910}: 'java.lang.Object java.lang.invoke.DirectMethodHandle$Holder.newInvokeSpecial(java.lang.Object, java.lang.Object, long)'> (0x00000000a79a4910) 
thrown [t:\workspace\open\src\hotspot\share\interpreter\linkResolver.cpp, line 766]
Event: 4.491 Thread 0x000002074c188f40 Exception <a 'java/lang/NoSuchMethodError'{0x00000000a79a8480}: 'java.lang.Object java.lang.invoke.Invokers$Holder.linkToTargetMethod(java.lang.Object, long, java.lang.Object)'> (0x00000000a79a8480) 
thrown [t:\workspace\open\src\hotspot\share\interpreter\linkResolver.cpp, line 766]
Event: 10.320 Thread 0x000002074c188f40 Exception <a 'java/lang/NoSuchMethodError'{0x00000000a71de328}: 'void java.lang.invoke.DirectMethodHandle$Holder.invokeSpecialIFC(java.lang.Object, java.lang.Object, java.lang.Object, java.lang.Object)'> (0x00000000a71de328) 
thrown [t:\workspace\open\src\hotspot\share\interpreter\linkResolver.cpp, line 766]
Event: 10.368 Thread 0x000002074c188f40 Exception <a 'java/lang/NoSuchMethodError'{0x00000000a6f9b250}: 'int java.lang.invoke.DirectMethodHandle$Holder.invokeSpecial(java.lang.Object, java.lang.Object, int)'> (0x00000000a6f9b250) 
thrown [t:\workspace\open\src\hotspot\share\interpreter\linkResolver.cpp, line 766]

VM Operations (20 events):
Event: 3.757 Executing VM operation: HandshakeAllThreads
Event: 3.757 Executing VM operation: HandshakeAllThreads done
Event: 3.853 Executing VM operation: HandshakeAllThreads
Event: 3.854 Executing VM operation: HandshakeAllThreads done
Event: 4.349 Executing VM operation: G1CollectForAllocation
Event: 4.357 Executing VM operation: G1CollectForAllocation done
Event: 6.266 Executing VM operation: ICBufferFull
Event: 6.267 Executing VM operation: ICBufferFull done
Event: 8.266 Executing VM operation: Cleanup
Event: 8.266 Executing VM operation: Cleanup done
Event: 9.267 Executing VM operation: Cleanup
Event: 9.267 Executing VM operation: Cleanup done
Event: 10.268 Executing VM operation: Cleanup
Event: 10.268 Executing VM operation: Cleanup done
Event: 10.295 Executing VM operation: HandshakeAllThreads
Event: 10.295 Executing VM operation: HandshakeAllThreads done
Event: 10.307 Executing VM operation: HandshakeAllThreads
Event: 10.307 Executing VM operation: HandshakeAllThreads done
Event: 10.413 Executing VM operation: HandshakeAllThreads
Event: 10.413 Executing VM operation: HandshakeAllThreads done

Events (20 events):
Event: 8.971 loading class sun/text/resources/BreakIteratorResources
Event: 8.971 loading class sun/util/resources/BreakIteratorResourceBundle
Event: 8.971 loading class sun/util/resources/BreakIteratorResourceBundle done
Event: 8.971 loading class sun/text/resources/BreakIteratorResources done
Event: 8.972 loading class sun/text/RuleBasedBreakIterator
Event: 8.972 loading class sun/text/RuleBasedBreakIterator done
Event: 8.973 loading class sun/text/CompactByteArray
Event: 8.974 loading class sun/text/CompactByteArray done
Event: 8.974 loading class sun/text/SupplementaryCharacterData
Event: 8.974 loading class sun/text/SupplementaryCharacterData done
Event: 8.974 loading class java/text/BreakIterator$BreakIteratorCache
Event: 8.974 loading class java/text/BreakIterator$BreakIteratorCache done
Event: 10.109 loading class java/net/UnknownHostException
Event: 10.110 loading class java/net/UnknownHostException done
Event: 10.306 loading class java/util/BitSet$1BitSetSpliterator
Event: 10.306 loading class java/util/BitSet$1BitSetSpliterator done
Event: 10.307 loading class java/util/stream/IntPipeline$1
Event: 10.308 loading class java/util/stream/IntPipeline$1 done
Event: 10.308 loading class java/util/stream/IntPipeline$1$1
Event: 10.308 loading class java/util/stream/IntPipeline$1$1 done


Dynamic libraries:
0x00007ff605640000 - 0x00007ff605650000 	C:\Program Files\Java\jdk-17.0.1\bin\java.exe
0x00007fffdb9d0000 - 0x00007fffdbbc8000 	C:\WINDOWS\SYSTEM32\ntdll.dll
0x00007fffa58c0000 - 0x00007fffa58d7000 	C:\Program Files\Avast Software\Avast\aswhook.dll
0x00007fffdb370000 - 0x00007fffdb42f000 	C:\WINDOWS\System32\KERNEL32.DLL
0x00007fffd9700000 - 0x00007fffd99d2000 	C:\WINDOWS\System32\KERNELBASE.dll
0x00007fffd9280000 - 0x00007fffd9380000 	C:\WINDOWS\System32\ucrtbase.dll
0x00007fffc58c0000 - 0x00007fffc58d8000 	C:\Program Files\Java\jdk-17.0.1\bin\jli.dll
0x00007fffdb280000 - 0x00007fffdb32e000 	C:\WINDOWS\System32\ADVAPI32.dll
0x00007fffc1920000 - 0x00007fffc193a000 	C:\Program Files\Java\jdk-17.0.1\bin\VCRUNTIME140.dll
0x00007fffda1d0000 - 0x00007fffda26e000 	C:\WINDOWS\System32\msvcrt.dll
0x00007fffdb8f0000 - 0x00007fffdb98c000 	C:\WINDOWS\System32\sechost.dll
0x00007fffdb4e0000 - 0x00007fffdb605000 	C:\WINDOWS\System32\RPCRT4.dll
0x00007fffda820000 - 0x00007fffda9c1000 	C:\WINDOWS\System32\USER32.dll
0x00007fffd9170000 - 0x00007fffd9192000 	C:\WINDOWS\System32\win32u.dll
0x00007fffda9d0000 - 0x00007fffda9fb000 	C:\WINDOWS\System32\GDI32.dll
0x00007fffce4f0000 - 0x00007fffce78a000 	C:\WINDOWS\WinSxS\amd64_microsoft.windows.common-controls_6595b64144ccf1df_6.0.19041.1110_none_60b5254171f9507e\COMCTL32.dll
0x00007fffd95f0000 - 0x00007fffd96ff000 	C:\WINDOWS\System32\gdi32full.dll
0x00007fffd9550000 - 0x00007fffd95ed000 	C:\WINDOWS\System32\msvcp_win.dll
0x00007fffce7f0000 - 0x00007fffce7fa000 	C:\WINDOWS\SYSTEM32\VERSION.dll
0x00007fffdb330000 - 0x00007fffdb362000 	C:\WINDOWS\System32\IMM32.DLL
0x00007fffc5830000 - 0x00007fffc583c000 	C:\Program Files\Java\jdk-17.0.1\bin\vcruntime140_1.dll
0x00007fffb7cc0000 - 0x00007fffb7d4d000 	C:\Program Files\Java\jdk-17.0.1\bin\msvcp140.dll
0x00007fff3ca40000 - 0x00007fff3d5fe000 	C:\Program Files\Java\jdk-17.0.1\bin\server\jvm.dll
0x00007fffda160000 - 0x00007fffda168000 	C:\WINDOWS\System32\PSAPI.DLL
0x00007fffce0f0000 - 0x00007fffce117000 	C:\WINDOWS\SYSTEM32\WINMM.dll
0x00007fffc0f00000 - 0x00007fffc0f09000 	C:\WINDOWS\SYSTEM32\WSOCK32.dll
0x00007fffdac00000 - 0x00007fffdac6b000 	C:\WINDOWS\System32\WS2_32.dll
0x00007fffd7910000 - 0x00007fffd7922000 	C:\WINDOWS\SYSTEM32\kernel.appcore.dll
0x00007fffc05e0000 - 0x00007fffc05ea000 	C:\Program Files\Java\jdk-17.0.1\bin\jimage.dll
0x00007fffd75b0000 - 0x00007fffd7794000 	C:\WINDOWS\SYSTEM32\DBGHELP.DLL
0x00007fffc5dd0000 - 0x00007fffc5e05000 	C:\WINDOWS\SYSTEM32\dbgcore.DLL
0x00007fffd91a0000 - 0x00007fffd9222000 	C:\WINDOWS\System32\bcryptPrimitives.dll
0x00007fffc1730000 - 0x00007fffc1755000 	C:\Program Files\Java\jdk-17.0.1\bin\java.dll
0x00007fffb8af0000 - 0x00007fffb8bc6000 	C:\Program Files\Java\jdk-17.0.1\bin\svml.dll
0x00007fffd9a10000 - 0x00007fffda154000 	C:\WINDOWS\System32\SHELL32.dll
0x00007fffd6e10000 - 0x00007fffd75a2000 	C:\WINDOWS\SYSTEM32\windows.storage.dll
0x00007fffdad60000 - 0x00007fffdb0b5000 	C:\WINDOWS\System32\combase.dll
0x00007fffd8ab0000 - 0x00007fffd8ae0000 	C:\WINDOWS\SYSTEM32\Wldp.dll
0x00007fffdb430000 - 0x00007fffdb4dd000 	C:\WINDOWS\System32\SHCORE.dll
0x00007fffda170000 - 0x00007fffda1c5000 	C:\WINDOWS\System32\shlwapi.dll
0x00007fffd9000000 - 0x00007fffd901f000 	C:\WINDOWS\SYSTEM32\profapi.dll
0x00007fffb9a80000 - 0x00007fffb9a99000 	C:\Program Files\Java\jdk-17.0.1\bin\net.dll
0x00007fffd38e0000 - 0x00007fffd39ec000 	C:\WINDOWS\SYSTEM32\WINHTTP.dll
0x00007fffd8810000 - 0x00007fffd887a000 	C:\WINDOWS\system32\mswsock.dll
0x00007fffb9a60000 - 0x00007fffb9a75000 	C:\Program Files\Java\jdk-17.0.1\bin\nio.dll
0x00007fffb8ad0000 - 0x00007fffb8ae8000 	C:\Program Files\Java\jdk-17.0.1\bin\zip.dll
0x000002072e170000 - 0x000002072e173000 	C:\Users\alexa\.openjfx\cache\18+12\api-ms-win-core-console-l1-1-0.dll
0x000002072e180000 - 0x000002072e183000 	C:\Users\alexa\.openjfx\cache\18+12\api-ms-win-core-console-l1-2-0.dll
0x000002074afa0000 - 0x000002074afa3000 	C:\Users\alexa\.openjfx\cache\18+12\api-ms-win-core-datetime-l1-1-0.dll
0x000002074afb0000 - 0x000002074afb3000 	C:\Users\alexa\.openjfx\cache\18+12\api-ms-win-core-debug-l1-1-0.dll
0x000002074afc0000 - 0x000002074afc3000 	C:\Users\alexa\.openjfx\cache\18+12\api-ms-win-core-errorhandling-l1-1-0.dll
0x000002074afd0000 - 0x000002074afd4000 	C:\Users\alexa\.openjfx\cache\18+12\api-ms-win-core-file-l1-1-0.dll
0x000002074afe0000 - 0x000002074afe3000 	C:\Users\alexa\.openjfx\cache\18+12\api-ms-win-core-file-l1-2-0.dll
0x000002074aff0000 - 0x000002074aff3000 	C:\Users\alexa\.openjfx\cache\18+12\api-ms-win-core-file-l2-1-0.dll
0x000002074c530000 - 0x000002074c533000 	C:\Users\alexa\.openjfx\cache\18+12\api-ms-win-core-handle-l1-1-0.dll
0x000002074c540000 - 0x000002074c543000 	C:\Users\alexa\.openjfx\cache\18+12\api-ms-win-core-heap-l1-1-0.dll
0x000002074c550000 - 0x000002074c553000 	C:\Users\alexa\.openjfx\cache\18+12\api-ms-win-core-interlocked-l1-1-0.dll
0x000002074c560000 - 0x000002074c563000 	C:\Users\alexa\.openjfx\cache\18+12\api-ms-win-core-libraryloader-l1-1-0.dll
0x000002074c570000 - 0x000002074c573000 	C:\Users\alexa\.openjfx\cache\18+12\api-ms-win-core-localization-l1-2-0.dll
0x000002074c580000 - 0x000002074c583000 	C:\Users\alexa\.openjfx\cache\18+12\api-ms-win-core-memory-l1-1-0.dll
0x000002074c590000 - 0x000002074c593000 	C:\Users\alexa\.openjfx\cache\18+12\api-ms-win-core-namedpipe-l1-1-0.dll
0x000002074c5a0000 - 0x000002074c5a3000 	C:\Users\alexa\.openjfx\cache\18+12\api-ms-win-core-processenvironment-l1-1-0.dll
0x000002074c5b0000 - 0x000002074c5b3000 	C:\Users\alexa\.openjfx\cache\18+12\api-ms-win-core-processthreads-l1-1-0.dll
0x000002074c5c0000 - 0x000002074c5c3000 	C:\Users\alexa\.openjfx\cache\18+12\api-ms-win-core-processthreads-l1-1-1.dll
0x000002074c5d0000 - 0x000002074c5d3000 	C:\Users\alexa\.openjfx\cache\18+12\api-ms-win-core-profile-l1-1-0.dll
0x000002074c5e0000 - 0x000002074c5e3000 	C:\Users\alexa\.openjfx\cache\18+12\api-ms-win-core-rtlsupport-l1-1-0.dll
0x000002074c5f0000 - 0x000002074c5f3000 	C:\Users\alexa\.openjfx\cache\18+12\api-ms-win-core-string-l1-1-0.dll
0x000002074c600000 - 0x000002074c603000 	C:\Users\alexa\.openjfx\cache\18+12\api-ms-win-core-synch-l1-1-0.dll
0x000002074c610000 - 0x000002074c613000 	C:\Users\alexa\.openjfx\cache\18+12\api-ms-win-core-synch-l1-2-0.dll
0x000002074c620000 - 0x000002074c623000 	C:\Users\alexa\.openjfx\cache\18+12\api-ms-win-core-sysinfo-l1-1-0.dll
0x000002074c630000 - 0x000002074c633000 	C:\Users\alexa\.openjfx\cache\18+12\api-ms-win-core-timezone-l1-1-0.dll
0x000002074c640000 - 0x000002074c643000 	C:\Users\alexa\.openjfx\cache\18+12\api-ms-win-core-util-l1-1-0.dll
0x000002074c650000 - 0x000002074c653000 	C:\Users\alexa\.openjfx\cache\18+12\api-ms-win-crt-conio-l1-1-0.dll
0x000002074c660000 - 0x000002074c664000 	C:\Users\alexa\.openjfx\cache\18+12\api-ms-win-crt-convert-l1-1-0.dll
0x000002074c670000 - 0x000002074c673000 	C:\Users\alexa\.openjfx\cache\18+12\api-ms-win-crt-environment-l1-1-0.dll
0x000002074c680000 - 0x000002074c683000 	C:\Users\alexa\.openjfx\cache\18+12\api-ms-win-crt-filesystem-l1-1-0.dll
0x000002074c690000 - 0x000002074c693000 	C:\Users\alexa\.openjfx\cache\18+12\api-ms-win-crt-heap-l1-1-0.dll
0x000002074c6a0000 - 0x000002074c6a3000 	C:\Users\alexa\.openjfx\cache\18+12\api-ms-win-crt-locale-l1-1-0.dll
0x000002074c6b0000 - 0x000002074c6b5000 	C:\Users\alexa\.openjfx\cache\18+12\api-ms-win-crt-math-l1-1-0.dll
0x000002074c6c0000 - 0x000002074c6c5000 	C:\Users\alexa\.openjfx\cache\18+12\api-ms-win-crt-multibyte-l1-1-0.dll
0x000002074c6d0000 - 0x000002074c6e0000 	C:\Users\alexa\.openjfx\cache\18+12\api-ms-win-crt-private-l1-1-0.dll
0x000002074c6e0000 - 0x000002074c6e3000 	C:\Users\alexa\.openjfx\cache\18+12\api-ms-win-crt-process-l1-1-0.dll
0x000002074c6f0000 - 0x000002074c6f4000 	C:\Users\alexa\.openjfx\cache\18+12\api-ms-win-crt-runtime-l1-1-0.dll
0x000002074c700000 - 0x000002074c704000 	C:\Users\alexa\.openjfx\cache\18+12\api-ms-win-crt-stdio-l1-1-0.dll
0x000002074c710000 - 0x000002074c714000 	C:\Users\alexa\.openjfx\cache\18+12\api-ms-win-crt-string-l1-1-0.dll
0x000002074c720000 - 0x000002074c723000 	C:\Users\alexa\.openjfx\cache\18+12\api-ms-win-crt-time-l1-1-0.dll
0x000002074c730000 - 0x000002074c733000 	C:\Users\alexa\.openjfx\cache\18+12\api-ms-win-crt-utility-l1-1-0.dll
0x00007fff9e830000 - 0x00007fff9e92c000 	C:\Users\alexa\.openjfx\cache\18+12\ucrtbase.dll
0x00007fffc5890000 - 0x00007fffc58aa000 	C:\Users\alexa\.openjfx\cache\18+12\vcruntime140.dll
0x00007fffd24e0000 - 0x00007fffd24ec000 	C:\Users\alexa\.openjfx\cache\18+12\vcruntime140_1.dll
0x00007fffad050000 - 0x00007fffad0dd000 	C:\Users\alexa\.openjfx\cache\18+12\msvcp140.dll
0x00007fffb8940000 - 0x00007fffb896c000 	C:\Users\alexa\.openjfx\cache\18+12\prism_d3d.dll
0x00007fff6f6d0000 - 0x00007fff6f89e000 	C:\WINDOWS\system32\d3d9.dll
0x00007fffd6710000 - 0x00007fffd673f000 	C:\WINDOWS\SYSTEM32\dwmapi.dll
0x00007fffd65b0000 - 0x00007fffd664e000 	C:\WINDOWS\system32\uxtheme.dll
0x00007fffcddd0000 - 0x00007fffcdfa8000 	C:\WINDOWS\System32\DriverStore\FileRepository\u0357260.inf_amd64_fa18ecfa3e423e12\B357263\aticfx64.dll
0x00007fff7d080000 - 0x00007fff7d0b1000 	C:\WINDOWS\System32\DriverStore\FileRepository\u0357260.inf_amd64_fa18ecfa3e423e12\B357263\atiu9p64.dll
0x00007fff6ea60000 - 0x00007fff6f6ca000 	C:\WINDOWS\System32\DriverStore\FileRepository\u0357260.inf_amd64_fa18ecfa3e423e12\B357263\atiumd64.dll
0x00007fffdb150000 - 0x00007fffdb27a000 	C:\WINDOWS\System32\ole32.dll
0x0000000074450000 - 0x00000000751f5000 	C:\WINDOWS\System32\DriverStore\FileRepository\u0357260.inf_amd64_fa18ecfa3e423e12\B357263\atiumd6a.dll
0x00007fffd8f30000 - 0x00007fffd8f7b000 	C:\WINDOWS\SYSTEM32\POWRPROF.dll
0x00007fffd8f10000 - 0x00007fffd8f22000 	C:\WINDOWS\SYSTEM32\UMPDC.dll
0x00007fffce080000 - 0x00007fffce0ae000 	C:\WINDOWS\SYSTEM32\amdihk64.dll
0x00007fff9f690000 - 0x00007fff9f6d2000 	C:\Users\alexa\.openjfx\cache\18+12\glass.dll
0x00007fffdac80000 - 0x00007fffdad5a000 	C:\WINDOWS\System32\COMDLG32.dll
0x00007fffdb610000 - 0x00007fffdb6dd000 	C:\WINDOWS\System32\OLEAUT32.dll
0x00007fffdaa00000 - 0x00007fffdab15000 	C:\WINDOWS\System32\MSCTF.dll
0x00007fffce790000 - 0x00007fffce7cb000 	C:\WINDOWS\SYSTEM32\dxcore.dll
0x00007fffd9230000 - 0x00007fffd927e000 	C:\WINDOWS\System32\cfgmgr32.dll
0x00007fffc5850000 - 0x00007fffc5864000 	C:\Users\alexa\.openjfx\cache\18+12\javafx_font.dll
0x00007fffd84d0000 - 0x00007fffd859a000 	C:\WINDOWS\SYSTEM32\DNSAPI.dll
0x00007fffd8490000 - 0x00007fffd84cb000 	C:\WINDOWS\SYSTEM32\IPHLPAPI.DLL
0x00007fffdac70000 - 0x00007fffdac78000 	C:\WINDOWS\System32\NSI.dll
0x00007fffd17e0000 - 0x00007fffd17ea000 	C:\Windows\System32\rasadhlp.dll
0x00007fffcd150000 - 0x00007fffcd1d0000 	C:\WINDOWS\System32\fwpuclnt.dll
0x00007fffd99e0000 - 0x00007fffd9a07000 	C:\WINDOWS\System32\bcrypt.dll
0x00007fffb8930000 - 0x00007fffb8939000 	C:\Program Files\Java\jdk-17.0.1\bin\management.dll
0x00007fffb8330000 - 0x00007fffb833b000 	C:\Program Files\Java\jdk-17.0.1\bin\management_ext.dll
0x00007fffd8a00000 - 0x00007fffd8a18000 	C:\WINDOWS\SYSTEM32\CRYPTSP.dll
0x00007fffd80c0000 - 0x00007fffd80f4000 	C:\WINDOWS\system32\rsaenh.dll
0x00007fffd8fc0000 - 0x00007fffd8fee000 	C:\WINDOWS\SYSTEM32\USERENV.dll
0x00007fffd8a20000 - 0x00007fffd8a2c000 	C:\WINDOWS\SYSTEM32\CRYPTBASE.dll
0x00007fffcc0a0000 - 0x00007fffcc0b7000 	C:\WINDOWS\SYSTEM32\dhcpcsvc6.DLL
0x00007fffcf8b0000 - 0x00007fffcf8cd000 	C:\WINDOWS\SYSTEM32\dhcpcsvc.DLL
0x00007fffb7dd0000 - 0x00007fffb7dfd000 	C:\Users\alexa\.openjfx\cache\18+12\javafx_iio.dll
0x00007fffab270000 - 0x00007fffab4ef000 	C:\WINDOWS\SYSTEM32\dwrite.dll
0x00007fffda300000 - 0x00007fffda3af000 	C:\WINDOWS\System32\clbcatq.dll
0x00007fffd1d20000 - 0x00007fffd1ed4000 	C:\WINDOWS\SYSTEM32\WindowsCodecs.dll

dbghelp: loaded successfully - version: 4.0.5 - missing functions: none
symbol engine: initialized successfully - sym options: 0x614 - pdb path: .;C:\Program Files\Java\jdk-17.0.1\bin;C:\WINDOWS\SYSTEM32;C:\Program Files\Avast Software\Avast;C:\WINDOWS\WinSxS\amd64_microsoft.windows.common-controls_6595b64144ccf1df_6.0.19041.1110_none_60b5254171f9507e;C:\Program Files\Java\jdk-17.0.1\bin\server;C:\Users\alexa\.openjfx\cache\18+12;C:\WINDOWS\System32\DriverStore\FileRepository\u0357260.inf_amd64_fa18ecfa3e423e12\B357263;C:\Program Files\Common Files\Microsoft Shared\Ink

VM Arguments:
jvm_args: --module-path=C:\Users\alexa\.m2\repository\org\openjfx\javafx-base\18\javafx-base-18-win.jar;C:\Users\alexa\.m2\repository\org\openjfx\javafx-base\18\javafx-base-18.jar;C:\Users\alexa\.m2\repository\org\openjfx\javafx-controls\18\javafx-controls-18-win.jar;C:\Users\alexa\.m2\repository\org\openjfx\javafx-controls\18\javafx-controls-18.jar;C:\Users\alexa\.m2\repository\org\openjfx\javafx-graphics\18\javafx-graphics-18-win.jar;C:\Users\alexa\.m2\repository\org\openjfx\javafx-graphics\18\javafx-graphics-18.jar;C:\Users\alexa\.m2\repository\org\openjfx\javafx-media\18\javafx-media-18-win.jar;C:\Users\alexa\.m2\repository\org\openjfx\javafx-media\18\javafx-media-18.jar;C:\Users\alexa\.m2\repository\org\openjfx\javafx-web\18\javafx-web-18-win.jar;C:\Users\alexa\.m2\repository\org\openjfx\javafx-web\18\javafx-web-18.jar --add-modules=javafx.base,javafx.controls,javafx.graphics,javafx.media,javafx.web 
java_command: fr.insa.mariannie.infom3.GraphUserInterface
java_class_path (initial): C:\Users\alexa\Documents\NetBeansProjects\projetInfo3\target\classes;C:\Users\alexa\.m2\repository\org\checkerframework\checker-qual\3.5.0\checker-qual-3.5.0.jar;C:\Users\alexa\.m2\repository\org\postgresql\postgresql\42.5.0\postgresql-42.5.0.jar
Launcher Type: SUN_STANDARD

[Global flags]
     intx CICompilerCount                          = 4                                         {product} {ergonomic}
     uint ConcGCThreads                            = 2                                         {product} {ergonomic}
     uint G1ConcRefinementThreads                  = 8                                         {product} {ergonomic}
   size_t G1HeapRegionSize                         = 1048576                                   {product} {ergonomic}
    uintx GCDrainStackTargetSize                   = 64                                        {product} {ergonomic}
   size_t InitialHeapSize                          = 100663296                                 {product} {ergonomic}
   size_t MarkStackSize                            = 4194304                                   {product} {ergonomic}
   size_t MaxHeapSize                              = 1579155456                                {product} {ergonomic}
   size_t MaxNewSize                               = 946864128                                 {product} {ergonomic}
   size_t MinHeapDeltaBytes                        = 1048576                                   {product} {ergonomic}
   size_t MinHeapSize                              = 8388608                                   {product} {ergonomic}
    uintx NonNMethodCodeHeapSize                   = 5839372                                {pd product} {ergonomic}
    uintx NonProfiledCodeHeapSize                  = 122909434                              {pd product} {ergonomic}
    uintx ProfiledCodeHeapSize                     = 122909434                              {pd product} {ergonomic}
    uintx ReservedCodeCacheSize                    = 251658240                              {pd product} {ergonomic}
     bool SegmentedCodeCache                       = true                                      {product} {ergonomic}
   size_t SoftMaxHeapSize                          = 1579155456                             {manageable} {ergonomic}
     bool UseCompressedClassPointers               = true                           {product lp64_product} {ergonomic}
     bool UseCompressedOops                        = true                           {product lp64_product} {ergonomic}
     bool UseG1GC                                  = true                                      {product} {ergonomic}
     bool UseLargePagesIndividualAllocation        = false                                  {pd product} {ergonomic}

Logging:
Log output configuration:
 #0: stdout all=warning uptime,level,tags
 #1: stderr all=off uptime,level,tags

Environment Variables:
JAVA_HOME=C:\Program Files\Java\jdk-17.0.1
PATH=C:\Program Files\Common Files\Oracle\Java\javapath;C:\WINDOWS\system32;C:\WINDOWS;C:\WINDOWS\System32\Wbem;C:\WINDOWS\System32\WindowsPowerShell\v1.0\;C:\WINDOWS\System32\OpenSSH\;C:\Program Files (x86)\Calibre2\;C:\Program Files\MongoDB\Server\4.2\bin;C:\Users\alexa\AppData\Local\Microsoft\WindowsApps;C:\Program Files\MongoDB\Server\4.2\bin;
USERNAME=alexa
OS=Windows_NT
PROCESSOR_IDENTIFIER=AMD64 Family 23 Model 24 Stepping 1, AuthenticAMD



---------------  S Y S T E M  ---------------

OS:
 Windows 10 , 64 bit Build 19041 (10.0.19041.2364)
OS uptime: 1 days 23:18 hours

CPU: total 8 (initial active 8) (8 cores per cpu, 2 threads per core) family 23 model 24 stepping 1 microcode 0x0, cx8, cmov, fxsr, ht, mmx, 3dnowpref, sse, sse2, sse3, ssse3, sse4a, sse4.1, sse4.2, popcnt, lzcnt, tsc, tscinvbit, avx, avx2, aes, clmul, bmi1, bmi2, adx, sha, fma, vzeroupper, clflush, clflushopt

Memory: 4k page, system-wide physical 6018M (380M free)
TotalPageFile size 24450M (AvailPageFile size 5M)
current process WorkingSet (physical memory assigned to process): 191M, peak: 191M
current process commit charge ("private bytes"): 321M, peak: 323M

vm_info: Java HotSpot(TM) 64-Bit Server VM (17.0.1+12-LTS-39) for windows-amd64 JRE (17.0.1+12-LTS-39), built on Sep 27 2021 18:41:35 by "mach5one" with MS VC++ 16.8 (VS2019)

END.
