#
# There is insufficient memory for the Java Runtime Environment to continue.
# Native memory allocation (mmap) failed to map 100663296 bytes for G1 virtual space
# Possible reasons:
#   The system is out of physical RAM or swap space
#   The process is running with CompressedOops enabled, and the Java Heap may be blocking the growth of the native heap
# Possible solutions:
#   Reduce memory load on the system
#   Increase physical memory or swap space
#   Check if swap backing store is full
#   Decrease Java heap size (-Xmx/-Xms)
#   Decrease number of Java threads
#   Decrease Java thread stack sizes (-Xss)
#   Set larger code cache with -XX:ReservedCodeCacheSize=
#   JVM is running with Unscaled Compressed Oops mode in which the Java heap is
#     placed in the first 4GB address space. The Java Heap base address is the
#     maximum limit for the native heap growth. Please use -XX:HeapBaseMinAddress
#     to set the Java Heap base and to place the Java Heap above 4GB virtual address.
# This output file may be truncated or incomplete.
#
#  Out of Memory Error (os_windows.cpp:3469), pid=18576, tid=37964
#
# JRE version:  (17.0.1+12) (build )
# Java VM: Java HotSpot(TM) 64-Bit Server VM (17.0.1+12-LTS-39, mixed mode, sharing, tiered, compressed oops, compressed class ptrs, g1 gc, windows-amd64)
# No core dump will be written. Minidumps are not enabled by default on client versions of Windows
#

---------------  S U M M A R Y ------------

Command Line: -Dclassworlds.conf=C:\Program Files\NetBeans-12.5\netbeans\java\maven\bin\..\bin\m2.conf -Dmaven.home=C:\Program Files\NetBeans-12.5\netbeans\java\maven\bin\.. -Dlibrary.jansi.path=C:\Program Files\NetBeans-12.5\netbeans\java\maven\bin\..\lib\jansi-native -Dmaven.multiModuleProjectDirectory=C:\Users\alexa\Documents\NetBeansProjects\projetInfo3 org.codehaus.plexus.classworlds.launcher.Launcher -Dexec.vmArgs= -Dexec.args=${exec.vmArgs} -classpath %classpath ${exec.mainClass} ${exec.appArgs} -Dexec.appArgs= -Dexec.mainClass=fr.insa.naho.modelinterface.MainAppinterface -Dexec.executable=C:\Program Files\Java\jdk-17.0.1\bin\java.exe -Dmaven.ext.class.path=C:\Program Files\NetBeans-12.5\netbeans\java\maven-nblib\netbeans-eventspy.jar -Dfile.encoding=UTF-8 org.codehaus.mojo:exec-maven-plugin:3.0.0:exec

Host: AMD Ryzen 7 3700U with Radeon Vega Mobile Gfx  , 8 cores, 5G,  Windows 10 , 64 bit Build 19041 (10.0.19041.2364)
Time: Tue Jan 17 02:37:45 2023 Paris, Madrid elapsed time: 0.051901 seconds (0d 0h 0m 0s)

---------------  T H R E A D  ---------------

Current thread (0x000002d0dcc08a30):  JavaThread "Unknown thread" [_thread_in_vm, id=37964, stack(0x000000faa8600000,0x000000faa8700000)]

Stack: [0x000000faa8600000,0x000000faa8700000]
Native frames: (J=compiled Java code, j=interpreted, Vv=VM code, C=native code)
V  [jvm.dll+0x66fa1a]
V  [jvm.dll+0x7ce5a4]
V  [jvm.dll+0x7cfd4e]
V  [jvm.dll+0x7d03b3]
V  [jvm.dll+0x242b05]
V  [jvm.dll+0x66ca39]
V  [jvm.dll+0x661502]
V  [jvm.dll+0x30081b]
V  [jvm.dll+0x307da6]
V  [jvm.dll+0x357a1e]
V  [jvm.dll+0x357c4f]
V  [jvm.dll+0x2d7ad8]
V  [jvm.dll+0x2d8a44]
V  [jvm.dll+0x7a01e1]
V  [jvm.dll+0x365791]
V  [jvm.dll+0x77f6cc]
V  [jvm.dll+0x3e812f]
V  [jvm.dll+0x3e9bd1]
C  [jli.dll+0x527b]
C  [ucrtbase.dll+0x21bb2]
C  [KERNEL32.DLL+0x17614]
C  [ntdll.dll+0x526a1]


---------------  P R O C E S S  ---------------

Threads class SMR info:
_java_thread_list=0x00007fff80b47818, length=0, elements={
}

Java Threads: ( => current thread )

Other Threads:
  0x000002d0dcc404a0 GCTaskThread "GC Thread#0" [stack: 0x000000faa8700000,0x000000faa8800000] [id=10960]
  0x000002d0dcc4d020 ConcurrentGCThread "G1 Main Marker" [stack: 0x000000faa8800000,0x000000faa8900000] [id=31428]
  0x000002d0dcc4e1d0 ConcurrentGCThread "G1 Conc#0" [stack: 0x000000faa8900000,0x000000faa8a00000] [id=26264]

[error occurred during error reporting (printing all threads), id 0xc0000005, EXCEPTION_ACCESS_VIOLATION (0xc0000005) at pc=0x00007fff803984b7]

VM state: not at safepoint (not fully initialized)

VM Mutex/Monitor currently owned by a thread:  ([mutex/lock_event])
[0x000002d0dcc04c10] Heap_lock - owner thread: 0x000002d0dcc08a30

Heap address: 0x00000000a1e00000, size: 1506 MB, Compressed Oops mode: 32-bit

CDS archive(s) mapped at: [0x0000000000000000-0x0000000000000000-0x0000000000000000), size 0, SharedBaseAddress: 0x0000000800000000, ArchiveRelocationMode: 0.
Narrow klass base: 0x0000000000000000, Narrow klass shift: 0, Narrow klass range: 0x0

GC Precious Log:
<Empty>

Heap:
 garbage-first heap   total 0K, used 0K [0x00000000a1e00000, 0x0000000100000000)
  region size 1024K, 0 young (0K), 0 survivors (0K)

[error occurred during error reporting (printing heap information), id 0xc0000005, EXCEPTION_ACCESS_VIOLATION (0xc0000005) at pc=0x00007fff80778d89]

GC Heap History (0 events):
No events

Deoptimization events (0 events):
No events

Classes unloaded (0 events):
No events

Classes redefined (0 events):
No events

Internal exceptions (0 events):
No events

VM Operations (0 events):
No events

Events (1 events):
Event: 0.038 Loaded shared library C:\Program Files\Java\jdk-17.0.1\bin\java.dll


Dynamic libraries:
0x00007ff605640000 - 0x00007ff605650000 	C:\Program Files\Java\jdk-17.0.1\bin\java.exe
0x00007fffdb9d0000 - 0x00007fffdbbc8000 	C:\WINDOWS\SYSTEM32\ntdll.dll
0x00007fffa58c0000 - 0x00007fffa58d7000 	C:\Program Files\Avast Software\Avast\aswhook.dll
0x00007fffdb370000 - 0x00007fffdb42f000 	C:\WINDOWS\System32\KERNEL32.DLL
0x00007fffd9700000 - 0x00007fffd99d2000 	C:\WINDOWS\System32\KERNELBASE.dll
0x00007fffd9280000 - 0x00007fffd9380000 	C:\WINDOWS\System32\ucrtbase.dll
0x00007fffb7cc0000 - 0x00007fffb7cd8000 	C:\Program Files\Java\jdk-17.0.1\bin\jli.dll
0x00007fffd24e0000 - 0x00007fffd24fa000 	C:\Program Files\Java\jdk-17.0.1\bin\VCRUNTIME140.dll
0x00007fffdb280000 - 0x00007fffdb32e000 	C:\WINDOWS\System32\ADVAPI32.dll
0x00007fffda1d0000 - 0x00007fffda26e000 	C:\WINDOWS\System32\msvcrt.dll
0x00007fffdb8f0000 - 0x00007fffdb98c000 	C:\WINDOWS\System32\sechost.dll
0x00007fffdb4e0000 - 0x00007fffdb605000 	C:\WINDOWS\System32\RPCRT4.dll
0x00007fffda820000 - 0x00007fffda9c1000 	C:\WINDOWS\System32\USER32.dll
0x00007fffd9170000 - 0x00007fffd9192000 	C:\WINDOWS\System32\win32u.dll
0x00007fffce4f0000 - 0x00007fffce78a000 	C:\WINDOWS\WinSxS\amd64_microsoft.windows.common-controls_6595b64144ccf1df_6.0.19041.1110_none_60b5254171f9507e\COMCTL32.dll
0x00007fffda9d0000 - 0x00007fffda9fb000 	C:\WINDOWS\System32\GDI32.dll
0x00007fffd95f0000 - 0x00007fffd96ff000 	C:\WINDOWS\System32\gdi32full.dll
0x00007fffd9550000 - 0x00007fffd95ed000 	C:\WINDOWS\System32\msvcp_win.dll
0x00007fffce7f0000 - 0x00007fffce7fa000 	C:\WINDOWS\SYSTEM32\VERSION.dll
0x00007fffdb330000 - 0x00007fffdb362000 	C:\WINDOWS\System32\IMM32.DLL
0x00007fffc58a0000 - 0x00007fffc58ac000 	C:\Program Files\Java\jdk-17.0.1\bin\vcruntime140_1.dll
0x00007fff9e790000 - 0x00007fff9e81d000 	C:\Program Files\Java\jdk-17.0.1\bin\msvcp140.dll
0x00007fff800b0000 - 0x00007fff80c6e000 	C:\Program Files\Java\jdk-17.0.1\bin\server\jvm.dll
0x00007fffda160000 - 0x00007fffda168000 	C:\WINDOWS\System32\PSAPI.DLL
0x00007fffce0f0000 - 0x00007fffce117000 	C:\WINDOWS\SYSTEM32\WINMM.dll
0x00007fffc0f00000 - 0x00007fffc0f09000 	C:\WINDOWS\SYSTEM32\WSOCK32.dll
0x00007fffdac00000 - 0x00007fffdac6b000 	C:\WINDOWS\System32\WS2_32.dll
0x00007fffd7910000 - 0x00007fffd7922000 	C:\WINDOWS\SYSTEM32\kernel.appcore.dll
0x00007fffc5890000 - 0x00007fffc589a000 	C:\Program Files\Java\jdk-17.0.1\bin\jimage.dll
0x00007fffd75b0000 - 0x00007fffd7794000 	C:\WINDOWS\SYSTEM32\DBGHELP.DLL
0x00007fffc5dd0000 - 0x00007fffc5e05000 	C:\WINDOWS\SYSTEM32\dbgcore.DLL
0x00007fffd91a0000 - 0x00007fffd9222000 	C:\WINDOWS\System32\bcryptPrimitives.dll
0x00007fffb8370000 - 0x00007fffb8395000 	C:\Program Files\Java\jdk-17.0.1\bin\java.dll

dbghelp: loaded successfully - version: 4.0.5 - missing functions: none
symbol engine: initialized successfully - sym options: 0x614 - pdb path: .;C:\Program Files\Java\jdk-17.0.1\bin;C:\WINDOWS\SYSTEM32;C:\Program Files\Avast Software\Avast;C:\WINDOWS\WinSxS\amd64_microsoft.windows.common-controls_6595b64144ccf1df_6.0.19041.1110_none_60b5254171f9507e;C:\Program Files\Java\jdk-17.0.1\bin\server

VM Arguments:
jvm_args: -Dclassworlds.conf=C:\Program Files\NetBeans-12.5\netbeans\java\maven\bin\..\bin\m2.conf -Dmaven.home=C:\Program Files\NetBeans-12.5\netbeans\java\maven\bin\.. -Dlibrary.jansi.path=C:\Program Files\NetBeans-12.5\netbeans\java\maven\bin\..\lib\jansi-native -Dmaven.multiModuleProjectDirectory=C:\Users\alexa\Documents\NetBeansProjects\projetInfo3 
java_command: org.codehaus.plexus.classworlds.launcher.Launcher -Dexec.vmArgs= -Dexec.args=${exec.vmArgs} -classpath %classpath ${exec.mainClass} ${exec.appArgs} -Dexec.appArgs= -Dexec.mainClass=fr.insa.naho.modelinterface.MainAppinterface -Dexec.executable=C:\Program Files\Java\jdk-17.0.1\bin\java.exe -Dmaven.ext.class.path=C:\Program Files\NetBeans-12.5\netbeans\java\maven-nblib\netbeans-eventspy.jar -Dfile.encoding=UTF-8 org.codehaus.mojo:exec-maven-plugin:3.0.0:exec
java_class_path (initial): C:\Program Files\NetBeans-12.5\netbeans\java\maven\bin\..\boot\plexus-classworlds-2.6.0.jar
Launcher Type: SUN_STANDARD

[Global flags]
     intx CICompilerCount                          = 4                                         {product} {ergonomic}
     uint ConcGCThreads                            = 2                                         {product} {ergonomic}
     uint G1ConcRefinementThreads                  = 8                                         {product} {ergonomic}
   size_t G1HeapRegionSize                         = 1048576                                   {product} {ergonomic}
    uintx GCDrainStackTargetSize                   = 64                                        {product} {ergonomic}
   size_t InitialHeapSize                          = 100663296                                 {product} {ergonomic}
   size_t MarkStackSize                            = 4194304                                   {product} {ergonomic}
   size_t MaxHeapSize                              = 1579155456                                {product} {ergonomic}
   size_t MinHeapDeltaBytes                        = 1048576                                   {product} {ergonomic}
   size_t MinHeapSize                              = 8388608                                   {product} {ergonomic}
    uintx NonNMethodCodeHeapSize                   = 5839372                                {pd product} {ergonomic}
    uintx NonProfiledCodeHeapSize                  = 122909434                              {pd product} {ergonomic}
    uintx ProfiledCodeHeapSize                     = 122909434                              {pd product} {ergonomic}
    uintx ReservedCodeCacheSize                    = 251658240                              {pd product} {ergonomic}
     bool SegmentedCodeCache                       = true                                      {product} {ergonomic}
   size_t SoftMaxHeapSize                          = 1579155456                             {manageable} {ergonomic}
     bool UseCompressedClassPointers               = true                           {product lp64_product} {ergonomic}
     bool UseCompressedOops                        = true                           {product lp64_product} {ergonomic}
     bool UseG1GC                                  = true                                      {product} {ergonomic}
     bool UseLargePagesIndividualAllocation        = false                                  {pd product} {ergonomic}

Logging:
Log output configuration:
 #0: stdout all=warning uptime,level,tags
 #1: stderr all=off uptime,level,tags

Environment Variables:
JAVA_HOME=C:\Program Files\Java\jdk-17.0.1
PATH=C:\Program Files\Common Files\Oracle\Java\javapath;C:\WINDOWS\system32;C:\WINDOWS;C:\WINDOWS\System32\Wbem;C:\WINDOWS\System32\WindowsPowerShell\v1.0\;C:\WINDOWS\System32\OpenSSH\;C:\Program Files (x86)\Calibre2\;C:\Program Files\MongoDB\Server\4.2\bin;C:\Users\alexa\AppData\Local\Microsoft\WindowsApps;C:\Program Files\MongoDB\Server\4.2\bin;
USERNAME=alexa
OS=Windows_NT
PROCESSOR_IDENTIFIER=AMD64 Family 23 Model 24 Stepping 1, AuthenticAMD



---------------  S Y S T E M  ---------------

OS:
 Windows 10 , 64 bit Build 19041 (10.0.19041.2364)
OS uptime: 2 days 0:49 hours

CPU: total 8 (initial active 8) (8 cores per cpu, 2 threads per core) family 23 model 24 stepping 1 microcode 0x0, cx8, cmov, fxsr, ht, mmx, 3dnowpref, sse, sse2, sse3, ssse3, sse4a, sse4.1, sse4.2, popcnt, lzcnt, tsc, tscinvbit, avx, avx2, aes, clmul, bmi1, bmi2, adx, sha, fma, vzeroupper, clflush, clflushopt

Memory: 4k page, system-wide physical 6018M (302M free)
TotalPageFile size 24450M (AvailPageFile size 28M)
current process WorkingSet (physical memory assigned to process): 10M, peak: 10M
current process commit charge ("private bytes"): 60M, peak: 156M

vm_info: Java HotSpot(TM) 64-Bit Server VM (17.0.1+12-LTS-39) for windows-amd64 JRE (17.0.1+12-LTS-39), built on Sep 27 2021 18:41:35 by "mach5one" with MS VC++ 16.8 (VS2019)

END.
