#
# There is insufficient memory for the Java Runtime Environment to continue.
# Native memory allocation (mmap) failed to map 65011712 bytes for G1 virtual space
# Possible reasons:
#   The system is out of physical RAM or swap space
#   The process is running with CompressedOops enabled, and the Java Heap may be blocking the growth of the native heap
# Possible solutions:
#   Reduce memory load on the system
#   Increase physical memory or swap space
#   Check if swap backing store is full
#   Decrease Java heap size (-Xmx/-Xms)
#   Decrease number of Java threads
#   Decrease Java thread stack sizes (-Xss)
#   Set larger code cache with -XX:ReservedCodeCacheSize=
#   JVM is running with Unscaled Compressed Oops mode in which the Java heap is
#     placed in the first 4GB address space. The Java Heap base address is the
#     maximum limit for the native heap growth. Please use -XX:HeapBaseMinAddress
#     to set the Java Heap base and to place the Java Heap above 4GB virtual address.
# This output file may be truncated or incomplete.
#
#  Out of Memory Error (os_windows.cpp:3527), pid=21464, tid=29380
#
# JRE version:  (19.0.1+10) (build )
# Java VM: Java HotSpot(TM) 64-Bit Server VM (19.0.1+10-21, mixed mode, sharing, tiered, compressed oops, compressed class ptrs, g1 gc, windows-amd64)
# No core dump will be written. Minidumps are not enabled by default on client versions of Windows
#

---------------  S U M M A R Y ------------

Command Line: fr.insa.naho.model.MainApp

Host: Intel(R) Celeron(R) N4020 CPU @ 1.10GHz, 2 cores, 3G,  Windows 10 , 64 bit Build 19041 (10.0.19041.2251)
Time: Tue Dec 13 14:13:54 2022 Paris, Madrid elapsed time: 0.031805 seconds (0d 0h 0m 0s)

---------------  T H R E A D  ---------------

Current thread (0x0000020c78b9ac40):  JavaThread "Unknown thread" [_thread_in_vm, id=29380, stack(0x000000379aa00000,0x000000379ab00000)]

Stack: [0x000000379aa00000,0x000000379ab00000]
Native frames: (J=compiled Java code, j=interpreted, Vv=VM code, C=native code)
V  [jvm.dll+0x6ee8fa]
V  [jvm.dll+0x857a1e]
V  [jvm.dll+0x85940e]
V  [jvm.dll+0x859ac3]
V  [jvm.dll+0x28291f]
V  [jvm.dll+0x6eb6e9]
V  [jvm.dll+0x6e028a]
V  [jvm.dll+0x357136]
V  [jvm.dll+0x35eb96]
V  [jvm.dll+0x3b555e]
V  [jvm.dll+0x3b578f]
V  [jvm.dll+0x32c6ea]
V  [jvm.dll+0x32d59e]
V  [jvm.dll+0x821b20]
V  [jvm.dll+0x3c27c1]
V  [jvm.dll+0x8022f1]
V  [jvm.dll+0x44b30f]
V  [jvm.dll+0x44cc91]
C  [jli.dll+0x5287]
C  [ucrtbase.dll+0x21bb2]
C  [KERNEL32.DLL+0x174b4]
C  [ntdll.dll+0x526a1]


---------------  P R O C E S S  ---------------

Threads class SMR info:
_java_thread_list=0x00007ffc5307d048, length=0, elements={
}

Java Threads: ( => current thread )

Other Threads:
  0x0000020c78bdc680 WorkerThread "GC Thread#0" [stack: 0x000000379ab00000,0x000000379ac00000] [id=5228]
  0x0000020c78be5200 ConcurrentGCThread "G1 Main Marker" [stack: 0x000000379ac00000,0x000000379ad00000] [id=29428]
  0x0000020c78be63d0 WorkerThread "G1 Conc#0" [stack: 0x000000379ad00000,0x000000379ae00000] [id=16724]

[error occurred during error reporting (printing all threads), id 0xc0000005, EXCEPTION_ACCESS_VIOLATION (0xc0000005) at pc=0x00007ffc5283d127]

VM state: not at safepoint (not fully initialized)

VM Mutex/Monitor currently owned by a thread:  ([mutex/lock_event])
[0x0000020c76b7ba20] Heap_lock - owner thread: 0x0000020c78b9ac40

Heap address: 0x00000000c2c00000, size: 980 MB, Compressed Oops mode: 32-bit

CDS archive(s) mapped at: [0x0000000000000000-0x0000000000000000-0x0000000000000000), size 0, SharedBaseAddress: 0x0000000800000000, ArchiveRelocationMode: 0.
Narrow klass base: 0x0000000000000000, Narrow klass shift: 0, Narrow klass range: 0x0

GC Precious Log:
 CardTable entry size: 512
 Card Set container configuration: InlinePtr #cards 5 size 8 Array Of Cards #cards 12 size 40 Howl #buckets 4 coarsen threshold 1843 Howl Bitmap #cards 512 size 80 coarsen threshold 460 Card regions per heap region 1 cards per card region 2048

Heap:
 garbage-first heap   total 0K, used 0K [0x00000000c2c00000, 0x0000000100000000)
  region size 1024K, 0 young (0K), 0 survivors (0K)

[error occurred during error reporting (printing heap information), id 0xc0000005, EXCEPTION_ACCESS_VIOLATION (0xc0000005) at pc=0x00007ffc52c46959]

GC Heap History (0 events):
No events

Dll operation events (1 events):
Event: 0.014 Loaded shared library C:\Program Files\Java\jdk-19\bin\java.dll

Deoptimization events (0 events):
No events

Classes loaded (0 events):
No events

Classes unloaded (0 events):
No events

Classes redefined (0 events):
No events

Internal exceptions (0 events):
No events

VM Operations (0 events):
No events

Events (0 events):
No events


Dynamic libraries:
0x00007ff6d59d0000 - 0x00007ff6d59e0000 	C:\Program Files\Java\jdk-19\bin\java.exe
0x00007ffcfec50000 - 0x00007ffcfee48000 	C:\windows\SYSTEM32\ntdll.dll
0x00007ffcfe4a0000 - 0x00007ffcfe55f000 	C:\windows\System32\KERNEL32.DLL
0x00007ffcfc990000 - 0x00007ffcfcc62000 	C:\windows\System32\KERNELBASE.dll
0x00007ffcfc5f0000 - 0x00007ffcfc6f0000 	C:\windows\System32\ucrtbase.dll
0x00007ffcd51c0000 - 0x00007ffcd51db000 	C:\Program Files\Java\jdk-19\bin\VCRUNTIME140.dll
0x00007ffcdee40000 - 0x00007ffcdee58000 	C:\Program Files\Java\jdk-19\bin\jli.dll
0x00007ffcfdea0000 - 0x00007ffcfdf4e000 	C:\windows\System32\ADVAPI32.dll
0x00007ffcfd580000 - 0x00007ffcfd61e000 	C:\windows\System32\msvcrt.dll
0x00007ffcfdfe0000 - 0x00007ffcfe07c000 	C:\windows\System32\sechost.dll
0x00007ffcfdd70000 - 0x00007ffcfde95000 	C:\windows\System32\RPCRT4.dll
0x00007ffcfe9d0000 - 0x00007ffcfeb6d000 	C:\windows\System32\USER32.dll
0x00007ffcfcc70000 - 0x00007ffcfcc92000 	C:\windows\System32\win32u.dll
0x00007ffcfd3f0000 - 0x00007ffcfd41b000 	C:\windows\System32\GDI32.dll
0x00007ffcfc720000 - 0x00007ffcfc82f000 	C:\windows\System32\gdi32full.dll
0x00007ffcfc4e0000 - 0x00007ffcfc57d000 	C:\windows\System32\msvcp_win.dll
0x00007ffce5530000 - 0x00007ffce57ca000 	C:\windows\WinSxS\amd64_microsoft.windows.common-controls_6595b64144ccf1df_6.0.19041.1110_none_60b5254171f9507e\COMCTL32.dll
0x00007ffceccc0000 - 0x00007ffceccca000 	C:\windows\SYSTEM32\VERSION.dll
0x00007ffcfebd0000 - 0x00007ffcfec02000 	C:\windows\System32\IMM32.DLL
0x00007ffce4e00000 - 0x00007ffce4e0c000 	C:\Program Files\Java\jdk-19\bin\vcruntime140_1.dll
0x00007ffcc5130000 - 0x00007ffcc51be000 	C:\Program Files\Java\jdk-19\bin\msvcp140.dll
0x00007ffc52500000 - 0x00007ffc531c0000 	C:\Program Files\Java\jdk-19\bin\server\jvm.dll
0x00007ffccb7b0000 - 0x00007ffccb7b9000 	C:\windows\SYSTEM32\WSOCK32.dll
0x00007ffcd9830000 - 0x00007ffcd9857000 	C:\windows\SYSTEM32\WINMM.dll
0x00007ffcfe080000 - 0x00007ffcfe0eb000 	C:\windows\System32\WS2_32.dll
0x00007ffcfae70000 - 0x00007ffcfae82000 	C:\windows\SYSTEM32\kernel.appcore.dll
0x00007ffcf77c0000 - 0x00007ffcf77ca000 	C:\Program Files\Java\jdk-19\bin\jimage.dll
0x00007ffcfa8c0000 - 0x00007ffcfaaa4000 	C:\windows\SYSTEM32\DBGHELP.DLL
0x00007ffce48c0000 - 0x00007ffce48ec000 	C:\windows\SYSTEM32\dbgcore.DLL
0x00007ffcfc350000 - 0x00007ffcfc3d2000 	C:\windows\System32\bcryptPrimitives.dll
0x00007ffcc4390000 - 0x00007ffcc43b6000 	C:\Program Files\Java\jdk-19\bin\java.dll

dbghelp: loaded successfully - version: 4.0.5 - missing functions: none
symbol engine: initialized successfully - sym options: 0x614 - pdb path: .;C:\Program Files\Java\jdk-19\bin;C:\windows\SYSTEM32;C:\windows\WinSxS\amd64_microsoft.windows.common-controls_6595b64144ccf1df_6.0.19041.1110_none_60b5254171f9507e;C:\Program Files\Java\jdk-19\bin\server

VM Arguments:
java_command: fr.insa.naho.model.MainApp
java_class_path (initial): C:\Users\nahoy\OneDrive\Documents\NetBeansProjects\projetInfo\target\classes;C:\Users\nahoy\.m2\repository\org\postgresql\postgresql\42.5.0\postgresql-42.5.0.jar;C:\Users\nahoy\.m2\repository\org\checkerframework\checker-qual\3.5.0\checker-qual-3.5.0.jar;C:\Users\nahoy\.m2\repository\org\openjfx\javafx-controls\18\javafx-controls-18.jar;C:\Users\nahoy\.m2\repository\org\openjfx\javafx-controls\18\javafx-controls-18-win.jar;C:\Users\nahoy\.m2\repository\org\openjfx\javafx-web\18\javafx-web-18.jar;C:\Users\nahoy\.m2\repository\org\openjfx\javafx-web\18\javafx-web-18-win.jar;C:\Users\nahoy\.m2\repository\org\openjfx\javafx-media\18\javafx-media-18.jar;C:\Users\nahoy\.m2\repository\org\openjfx\javafx-media\18\javafx-media-18-win.jar;C:\Users\nahoy\.m2\repository\org\openjfx\javafx-graphics\18\javafx-graphics-18.jar;C:\Users\nahoy\.m2\repository\org\openjfx\javafx-graphics\18\javafx-graphics-18-win.jar;C:\Users\nahoy\.m2\repository\org\openjfx\javafx-base\18\javafx-base-18.jar;C:\Users\nahoy\.m2\repository\org\openjfx\javafx-base\18\javafx-base-18-win.jar
Launcher Type: SUN_STANDARD

[Global flags]
     intx CICompilerCount                          = 2                                         {product} {ergonomic}
     uint ConcGCThreads                            = 1                                         {product} {ergonomic}
     uint G1ConcRefinementThreads                  = 2                                         {product} {ergonomic}
   size_t G1HeapRegionSize                         = 1048576                                   {product} {ergonomic}
    uintx GCDrainStackTargetSize                   = 64                                        {product} {ergonomic}
   size_t InitialHeapSize                          = 65011712                                  {product} {ergonomic}
   size_t MarkStackSize                            = 4194304                                   {product} {ergonomic}
   size_t MaxHeapSize                              = 1027604480                                {product} {ergonomic}
   size_t MinHeapDeltaBytes                        = 1048576                                   {product} {ergonomic}
   size_t MinHeapSize                              = 8388608                                   {product} {ergonomic}
    uintx NonNMethodCodeHeapSize                   = 5826188                                {pd product} {ergonomic}
    uintx NonProfiledCodeHeapSize                  = 122916026                              {pd product} {ergonomic}
    uintx ProfiledCodeHeapSize                     = 122916026                              {pd product} {ergonomic}
    uintx ReservedCodeCacheSize                    = 251658240                              {pd product} {ergonomic}
     bool SegmentedCodeCache                       = true                                      {product} {ergonomic}
   size_t SoftMaxHeapSize                          = 1027604480                             {manageable} {ergonomic}
     bool UseCompressedClassPointers               = true                           {product lp64_product} {ergonomic}
     bool UseCompressedOops                        = true                           {product lp64_product} {ergonomic}
     bool UseG1GC                                  = true                                      {product} {ergonomic}
     bool UseLargePagesIndividualAllocation        = false                                  {pd product} {ergonomic}

Logging:
Log output configuration:
 #0: stdout all=warning uptime,level,tags foldmultilines=false
 #1: stderr all=off uptime,level,tags foldmultilines=false

Environment Variables:
JAVA_HOME=C:\Program Files\Java\jdk-19
PATH=C:\Program Files\Common Files\Oracle\Java\javapath;C:\windows\system32;C:\windows;C:\windows\System32\Wbem;C:\windows\System32\WindowsPowerShell\v1.0\;C:\windows\System32\OpenSSH\;C:\Users\nahoy\AppData\Local\Microsoft\WindowsApps;
USERNAME=nahoy
OS=Windows_NT
PROCESSOR_IDENTIFIER=Intel64 Family 6 Model 122 Stepping 8, GenuineIntel
TMP=C:\Users\nahoy\AppData\Local\Temp
TEMP=C:\Users\nahoy\AppData\Local\Temp



---------------  S Y S T E M  ---------------

OS:
 Windows 10 , 64 bit Build 19041 (10.0.19041.2251)
OS uptime: 3 days 13:59 hours

CPU: total 2 (initial active 2) (2 cores per cpu, 1 threads per core) family 6 model 122 stepping 8 microcode 0x1c, cx8, cmov, fxsr, mmx, 3dnowpref, sse, sse2, sse3, ssse3, sse4.1, sse4.2, popcnt, tsc, tscinvbit, aes, erms, clmul, sha, clflush, clflushopt, rdtscp, rdpid

Memory: 4k page, system-wide physical 3912M (281M free)
TotalPageFile size 11264M (AvailPageFile size 27M)
current process WorkingSet (physical memory assigned to process): 10M, peak: 10M
current process commit charge ("private bytes"): 47M, peak: 109M

vm_info: Java HotSpot(TM) 64-Bit Server VM (19.0.1+10-21) for windows-amd64 JRE (19.0.1+10-21), built on 2022-09-14T12:45:06Z by "mach5one" with MS VC++ 17.1 (VS2022)

END.
