#
# There is insufficient memory for the Java Runtime Environment to continue.
# Native memory allocation (malloc) failed to allocate 1724656 bytes for Chunk::new
# Possible reasons:
#   The system is out of physical RAM or swap space
#   The process is running with CompressedOops enabled, and the Java Heap may be blocking the growth of the native heap
# Possible solutions:
#   Reduce memory load on the system
#   Increase physical memory or swap space
#   Check if swap backing store is full
#   Decrease Java heap size (-Xmx/-Xms)
#   Decrease number of Java threads
#   Decrease Java thread stack sizes (-Xss)
#   Set larger code cache with -XX:ReservedCodeCacheSize=
#   JVM is running with Unscaled Compressed Oops mode in which the Java heap is
#     placed in the first 4GB address space. The Java Heap base address is the
#     maximum limit for the native heap growth. Please use -XX:HeapBaseMinAddress
#     to set the Java Heap base and to place the Java Heap above 4GB virtual address.
# This output file may be truncated or incomplete.
#
#  Out of Memory Error (arena.cpp:189), pid=36236, tid=37344
#
# JRE version: Java(TM) SE Runtime Environment (17.0.1+12) (build 17.0.1+12-LTS-39)
# Java VM: Java HotSpot(TM) 64-Bit Server VM (17.0.1+12-LTS-39, mixed mode, sharing, tiered, compressed oops, compressed class ptrs, g1 gc, windows-amd64)
# No core dump will be written. Minidumps are not enabled by default on client versions of Windows
#

---------------  S U M M A R Y ------------

Command Line: --module-path=C:\Users\alexa\.m2\repository\org\openjfx\javafx-base\18\javafx-base-18-win.jar;C:\Users\alexa\.m2\repository\org\openjfx\javafx-base\18\javafx-base-18.jar;C:\Users\alexa\.m2\repository\org\openjfx\javafx-controls\18\javafx-controls-18-win.jar;C:\Users\alexa\.m2\repository\org\openjfx\javafx-controls\18\javafx-controls-18.jar;C:\Users\alexa\.m2\repository\org\openjfx\javafx-graphics\18\javafx-graphics-18-win.jar;C:\Users\alexa\.m2\repository\org\openjfx\javafx-graphics\18\javafx-graphics-18.jar;C:\Users\alexa\.m2\repository\org\openjfx\javafx-media\18\javafx-media-18-win.jar;C:\Users\alexa\.m2\repository\org\openjfx\javafx-media\18\javafx-media-18.jar;C:\Users\alexa\.m2\repository\org\openjfx\javafx-web\18\javafx-web-18-win.jar;C:\Users\alexa\.m2\repository\org\openjfx\javafx-web\18\javafx-web-18.jar --add-modules=javafx.base,javafx.controls,javafx.graphics,javafx.media,javafx.web fr.insa.mariannie.infom3.GraphUserInterface

Host: AMD Ryzen 7 3700U with Radeon Vega Mobile Gfx  , 8 cores, 5G,  Windows 10 , 64 bit Build 19041 (10.0.19041.2364)
Time: Tue Jan 17 01:05:42 2023 Paris, Madrid elapsed time: 1.215393 seconds (0d 0h 0m 1s)

---------------  T H R E A D  ---------------

Current thread (0x0000014c3c2c7350):  JavaThread "C2 CompilerThread0" daemon [_thread_in_native, id=37344, stack(0x00000022c0300000,0x00000022c0400000)]


Current CompileTask:
C2:   1215 1085   !   4       com.sun.javafx.css.ParsedValueImpl::readBinary (688 bytes)

Stack: [0x00000022c0300000,0x00000022c0400000]
Native frames: (J=compiled Java code, j=interpreted, Vv=VM code, C=native code)
V  [jvm.dll+0x66fa1a]
V  [jvm.dll+0x7ce5a4]
V  [jvm.dll+0x7cfd4e]
V  [jvm.dll+0x7d03b3]
V  [jvm.dll+0x242b05]
V  [jvm.dll+0xaa05b]
V  [jvm.dll+0xaa5ec]
V  [jvm.dll+0x35f9b2]
V  [jvm.dll+0x329f51]
V  [jvm.dll+0x3293fa]
V  [jvm.dll+0x215bf1]
V  [jvm.dll+0x215011]
V  [jvm.dll+0x1a168d]
V  [jvm.dll+0x224848]
V  [jvm.dll+0x2229ac]
V  [jvm.dll+0x78435b]
V  [jvm.dll+0x77e91a]
V  [jvm.dll+0x66e845]
C  [ucrtbase.dll+0x21bb2]
C  [KERNEL32.DLL+0x17614]
C  [ntdll.dll+0x526a1]


---------------  P R O C E S S  ---------------

Threads class SMR info:
_java_thread_list=0x0000014c3d6c8b00, length=17, elements={
0x0000014c1f594ac0, 0x0000014c3c29f810, 0x0000014c3c2a0680, 0x0000014c3c2b7470,
0x0000014c3c2b8d40, 0x0000014c3c2ba700, 0x0000014c3c2c30c0, 0x0000014c3c2c7350,
0x0000014c3c2c9110, 0x0000014c3c2cba20, 0x0000014c3c28d1d0, 0x0000014c3cf10830,
0x0000014c3d0e8460, 0x0000014c3d3fb650, 0x0000014c3d4f93e0, 0x0000014c3d6a2db0,
0x0000014c3d6073b0
}

Java Threads: ( => current thread )
  0x0000014c1f594ac0 JavaThread "main" [_thread_blocked, id=38540, stack(0x00000022bf600000,0x00000022bf700000)]
  0x0000014c3c29f810 JavaThread "Reference Handler" daemon [_thread_blocked, id=33008, stack(0x00000022bfd00000,0x00000022bfe00000)]
  0x0000014c3c2a0680 JavaThread "Finalizer" daemon [_thread_blocked, id=8356, stack(0x00000022bfe00000,0x00000022bff00000)]
  0x0000014c3c2b7470 JavaThread "Signal Dispatcher" daemon [_thread_blocked, id=34680, stack(0x00000022bff00000,0x00000022c0000000)]
  0x0000014c3c2b8d40 JavaThread "Attach Listener" daemon [_thread_blocked, id=25880, stack(0x00000022c0000000,0x00000022c0100000)]
  0x0000014c3c2ba700 JavaThread "Service Thread" daemon [_thread_blocked, id=32688, stack(0x00000022c0100000,0x00000022c0200000)]
  0x0000014c3c2c30c0 JavaThread "Monitor Deflation Thread" daemon [_thread_blocked, id=38024, stack(0x00000022c0200000,0x00000022c0300000)]
=>0x0000014c3c2c7350 JavaThread "C2 CompilerThread0" daemon [_thread_in_native, id=37344, stack(0x00000022c0300000,0x00000022c0400000)]
  0x0000014c3c2c9110 JavaThread "C1 CompilerThread0" daemon [_thread_blocked, id=25024, stack(0x00000022c0400000,0x00000022c0500000)]
  0x0000014c3c2cba20 JavaThread "Sweeper thread" daemon [_thread_blocked, id=31860, stack(0x00000022c0500000,0x00000022c0600000)]
  0x0000014c3c28d1d0 JavaThread "Common-Cleaner" daemon [_thread_blocked, id=3812, stack(0x00000022c0600000,0x00000022c0700000)]
  0x0000014c3cf10830 JavaThread "Notification Thread" daemon [_thread_blocked, id=38312, stack(0x00000022c0700000,0x00000022c0800000)]
  0x0000014c3d0e8460 JavaThread "QuantumRenderer-0" daemon [_thread_blocked, id=36184, stack(0x00000022c0900000,0x00000022c0a00000)]
  0x0000014c3d3fb650 JavaThread "InvokeLaterDispatcher" daemon [_thread_blocked, id=38940, stack(0x00000022c0c00000,0x00000022c0d00000)]
  0x0000014c3d4f93e0 JavaThread "JavaFX Application Thread" [_thread_in_Java, id=39920, stack(0x00000022c0d00000,0x00000022c0e00000)]
  0x0000014c3d6a2db0 JavaThread "JavaFX-Launcher" [_thread_blocked, id=35640, stack(0x00000022c1500000,0x00000022c1600000)]
  0x0000014c3d6073b0 JavaThread "Thread-2" daemon [_thread_in_native, id=38688, stack(0x00000022c1400000,0x00000022c1500000)]

Other Threads:
  0x0000014c3c2987f0 VMThread "VM Thread" [stack: 0x00000022bfc00000,0x00000022bfd00000] [id=35384]
  0x0000014c1f5e74c0 WatcherThread [stack: 0x00000022c0800000,0x00000022c0900000] [id=29472]
  0x0000014c1f5cc2d0 GCTaskThread "GC Thread#0" [stack: 0x00000022bf700000,0x00000022bf800000] [id=34112]
  0x0000014c3cee7430 GCTaskThread "GC Thread#1" [stack: 0x00000022c1600000,0x00000022c1700000] [id=39752]
  0x0000014c3cee6970 GCTaskThread "GC Thread#2" [stack: 0x00000022c1700000,0x00000022c1800000] [id=36944]
  0x0000014c3cee7180 GCTaskThread "GC Thread#3" [stack: 0x00000022c1800000,0x00000022c1900000] [id=19048]
  0x0000014c3cee6410 GCTaskThread "GC Thread#4" [stack: 0x00000022c1900000,0x00000022c1a00000] [id=39672]
  0x0000014c3cee6ed0 GCTaskThread "GC Thread#5" [stack: 0x00000022c1a00000,0x00000022c1b00000] [id=1176]
  0x0000014c1f5d9730 ConcurrentGCThread "G1 Main Marker" [stack: 0x00000022bf800000,0x00000022bf900000] [id=35556]
  0x0000014c1f5da950 ConcurrentGCThread "G1 Conc#0" [stack: 0x00000022bf900000,0x00000022bfa00000] [id=33404]
  0x0000014c1f6550e0 ConcurrentGCThread "G1 Refine#0" [stack: 0x00000022bfa00000,0x00000022bfb00000] [id=24456]
  0x0000014c1f655b00 ConcurrentGCThread "G1 Service" [stack: 0x00000022bfb00000,0x00000022bfc00000] [id=20676]

Threads with active compile tasks:
C2 CompilerThread0     1274 1085   !   4       com.sun.javafx.css.ParsedValueImpl::readBinary (688 bytes)
C1 CompilerThread0     1274 1221       3       java.lang.invoke.MethodType$ConcurrentWeakInternSet::add (66 bytes)

VM state: not at safepoint (normal execution)

VM Mutex/Monitor currently owned by a thread: None

Heap address: 0x00000000a1e00000, size: 1506 MB, Compressed Oops mode: 32-bit

CDS archive(s) mapped at: [0x0000000800000000-0x0000000800bc0000-0x0000000800bc0000), size 12320768, SharedBaseAddress: 0x0000000800000000, ArchiveRelocationMode: 0.
Compressed class space mapped at: 0x0000000800c00000-0x0000000840c00000, reserved size: 1073741824
Narrow klass base: 0x0000000800000000, Narrow klass shift: 0, Narrow klass range: 0x100000000

GC Precious Log:
 CPUs: 8 total, 8 available
 Memory: 6018M
 Large Page Support: Disabled
 NUMA Support: Disabled
 Compressed Oops: Enabled (32-bit)
 Heap Region Size: 1M
 Heap Min Capacity: 8M
 Heap Initial Capacity: 96M
 Heap Max Capacity: 1506M
 Pre-touch: Disabled
 Parallel Workers: 8
 Concurrent Workers: 2
 Concurrent Refinement Workers: 8
 Periodic GC: Disabled

Heap:
 garbage-first heap   total 98304K, used 14076K [0x00000000a1e00000, 0x0000000100000000)
  region size 1024K, 15 young (15360K), 3 survivors (3072K)
 Metaspace       used 8232K, committed 8448K, reserved 1064960K
  class space    used 1059K, committed 1152K, reserved 1048576K

Heap Regions: E=young(eden), S=young(survivor), O=old, HS=humongous(starts), HC=humongous(continues), CS=collection set, F=free, OA=open archive, CA=closed archive, TAMS=top-at-mark-start (previous, next)
|   0|0x00000000a1e00000, 0x00000000a1e00000, 0x00000000a1f00000|  0%| F|  |TAMS 0x00000000a1e00000, 0x00000000a1e00000| Untracked 
|   1|0x00000000a1f00000, 0x00000000a1f00000, 0x00000000a2000000|  0%| F|  |TAMS 0x00000000a1f00000, 0x00000000a1f00000| Untracked 
|   2|0x00000000a2000000, 0x00000000a2000000, 0x00000000a2100000|  0%| F|  |TAMS 0x00000000a2000000, 0x00000000a2000000| Untracked 
|   3|0x00000000a2100000, 0x00000000a2100000, 0x00000000a2200000|  0%| F|  |TAMS 0x00000000a2100000, 0x00000000a2100000| Untracked 
|   4|0x00000000a2200000, 0x00000000a2200000, 0x00000000a2300000|  0%| F|  |TAMS 0x00000000a2200000, 0x00000000a2200000| Untracked 
|   5|0x00000000a2300000, 0x00000000a2300000, 0x00000000a2400000|  0%| F|  |TAMS 0x00000000a2300000, 0x00000000a2300000| Untracked 
|   6|0x00000000a2400000, 0x00000000a2400000, 0x00000000a2500000|  0%| F|  |TAMS 0x00000000a2400000, 0x00000000a2400000| Untracked 
|   7|0x00000000a2500000, 0x00000000a2500000, 0x00000000a2600000|  0%| F|  |TAMS 0x00000000a2500000, 0x00000000a2500000| Untracked 
|   8|0x00000000a2600000, 0x00000000a2600000, 0x00000000a2700000|  0%| F|  |TAMS 0x00000000a2600000, 0x00000000a2600000| Untracked 
|   9|0x00000000a2700000, 0x00000000a2700000, 0x00000000a2800000|  0%| F|  |TAMS 0x00000000a2700000, 0x00000000a2700000| Untracked 
|  10|0x00000000a2800000, 0x00000000a2800000, 0x00000000a2900000|  0%| F|  |TAMS 0x00000000a2800000, 0x00000000a2800000| Untracked 
|  11|0x00000000a2900000, 0x00000000a2900000, 0x00000000a2a00000|  0%| F|  |TAMS 0x00000000a2900000, 0x00000000a2900000| Untracked 
|  12|0x00000000a2a00000, 0x00000000a2a00000, 0x00000000a2b00000|  0%| F|  |TAMS 0x00000000a2a00000, 0x00000000a2a00000| Untracked 
|  13|0x00000000a2b00000, 0x00000000a2b00000, 0x00000000a2c00000|  0%| F|  |TAMS 0x00000000a2b00000, 0x00000000a2b00000| Untracked 
|  14|0x00000000a2c00000, 0x00000000a2c00000, 0x00000000a2d00000|  0%| F|  |TAMS 0x00000000a2c00000, 0x00000000a2c00000| Untracked 
|  15|0x00000000a2d00000, 0x00000000a2d00000, 0x00000000a2e00000|  0%| F|  |TAMS 0x00000000a2d00000, 0x00000000a2d00000| Untracked 
|  16|0x00000000a2e00000, 0x00000000a2e00000, 0x00000000a2f00000|  0%| F|  |TAMS 0x00000000a2e00000, 0x00000000a2e00000| Untracked 
|  17|0x00000000a2f00000, 0x00000000a2f00000, 0x00000000a3000000|  0%| F|  |TAMS 0x00000000a2f00000, 0x00000000a2f00000| Untracked 
|  18|0x00000000a3000000, 0x00000000a3000000, 0x00000000a3100000|  0%| F|  |TAMS 0x00000000a3000000, 0x00000000a3000000| Untracked 
|  19|0x00000000a3100000, 0x00000000a3100000, 0x00000000a3200000|  0%| F|  |TAMS 0x00000000a3100000, 0x00000000a3100000| Untracked 
|  20|0x00000000a3200000, 0x00000000a3200000, 0x00000000a3300000|  0%| F|  |TAMS 0x00000000a3200000, 0x00000000a3200000| Untracked 
|  21|0x00000000a3300000, 0x00000000a3300000, 0x00000000a3400000|  0%| F|  |TAMS 0x00000000a3300000, 0x00000000a3300000| Untracked 
|  22|0x00000000a3400000, 0x00000000a3400000, 0x00000000a3500000|  0%| F|  |TAMS 0x00000000a3400000, 0x00000000a3400000| Untracked 
|  23|0x00000000a3500000, 0x00000000a3500000, 0x00000000a3600000|  0%| F|  |TAMS 0x00000000a3500000, 0x00000000a3500000| Untracked 
|  24|0x00000000a3600000, 0x00000000a3600000, 0x00000000a3700000|  0%| F|  |TAMS 0x00000000a3600000, 0x00000000a3600000| Untracked 
|  25|0x00000000a3700000, 0x00000000a3700000, 0x00000000a3800000|  0%| F|  |TAMS 0x00000000a3700000, 0x00000000a3700000| Untracked 
|  26|0x00000000a3800000, 0x00000000a3800000, 0x00000000a3900000|  0%| F|  |TAMS 0x00000000a3800000, 0x00000000a3800000| Untracked 
|  27|0x00000000a3900000, 0x00000000a3900000, 0x00000000a3a00000|  0%| F|  |TAMS 0x00000000a3900000, 0x00000000a3900000| Untracked 
|  28|0x00000000a3a00000, 0x00000000a3a00000, 0x00000000a3b00000|  0%| F|  |TAMS 0x00000000a3a00000, 0x00000000a3a00000| Untracked 
|  29|0x00000000a3b00000, 0x00000000a3b00000, 0x00000000a3c00000|  0%| F|  |TAMS 0x00000000a3b00000, 0x00000000a3b00000| Untracked 
|  30|0x00000000a3c00000, 0x00000000a3c00000, 0x00000000a3d00000|  0%| F|  |TAMS 0x00000000a3c00000, 0x00000000a3c00000| Untracked 
|  31|0x00000000a3d00000, 0x00000000a3d00000, 0x00000000a3e00000|  0%| F|  |TAMS 0x00000000a3d00000, 0x00000000a3d00000| Untracked 
|  32|0x00000000a3e00000, 0x00000000a3e00000, 0x00000000a3f00000|  0%| F|  |TAMS 0x00000000a3e00000, 0x00000000a3e00000| Untracked 
|  33|0x00000000a3f00000, 0x00000000a3f00000, 0x00000000a4000000|  0%| F|  |TAMS 0x00000000a3f00000, 0x00000000a3f00000| Untracked 
|  34|0x00000000a4000000, 0x00000000a4000000, 0x00000000a4100000|  0%| F|  |TAMS 0x00000000a4000000, 0x00000000a4000000| Untracked 
|  35|0x00000000a4100000, 0x00000000a4100000, 0x00000000a4200000|  0%| F|  |TAMS 0x00000000a4100000, 0x00000000a4100000| Untracked 
|  36|0x00000000a4200000, 0x00000000a4200000, 0x00000000a4300000|  0%| F|  |TAMS 0x00000000a4200000, 0x00000000a4200000| Untracked 
|  37|0x00000000a4300000, 0x00000000a4300000, 0x00000000a4400000|  0%| F|  |TAMS 0x00000000a4300000, 0x00000000a4300000| Untracked 
|  38|0x00000000a4400000, 0x00000000a4400000, 0x00000000a4500000|  0%| F|  |TAMS 0x00000000a4400000, 0x00000000a4400000| Untracked 
|  39|0x00000000a4500000, 0x00000000a4500000, 0x00000000a4600000|  0%| F|  |TAMS 0x00000000a4500000, 0x00000000a4500000| Untracked 
|  40|0x00000000a4600000, 0x00000000a4600000, 0x00000000a4700000|  0%| F|  |TAMS 0x00000000a4600000, 0x00000000a4600000| Untracked 
|  41|0x00000000a4700000, 0x00000000a4700000, 0x00000000a4800000|  0%| F|  |TAMS 0x00000000a4700000, 0x00000000a4700000| Untracked 
|  42|0x00000000a4800000, 0x00000000a4800000, 0x00000000a4900000|  0%| F|  |TAMS 0x00000000a4800000, 0x00000000a4800000| Untracked 
|  43|0x00000000a4900000, 0x00000000a4900000, 0x00000000a4a00000|  0%| F|  |TAMS 0x00000000a4900000, 0x00000000a4900000| Untracked 
|  44|0x00000000a4a00000, 0x00000000a4a00000, 0x00000000a4b00000|  0%| F|  |TAMS 0x00000000a4a00000, 0x00000000a4a00000| Untracked 
|  45|0x00000000a4b00000, 0x00000000a4b00000, 0x00000000a4c00000|  0%| F|  |TAMS 0x00000000a4b00000, 0x00000000a4b00000| Untracked 
|  46|0x00000000a4c00000, 0x00000000a4c00000, 0x00000000a4d00000|  0%| F|  |TAMS 0x00000000a4c00000, 0x00000000a4c00000| Untracked 
|  47|0x00000000a4d00000, 0x00000000a4d00000, 0x00000000a4e00000|  0%| F|  |TAMS 0x00000000a4d00000, 0x00000000a4d00000| Untracked 
|  48|0x00000000a4e00000, 0x00000000a4e00000, 0x00000000a4f00000|  0%| F|  |TAMS 0x00000000a4e00000, 0x00000000a4e00000| Untracked 
|  49|0x00000000a4f00000, 0x00000000a4f00000, 0x00000000a5000000|  0%| F|  |TAMS 0x00000000a4f00000, 0x00000000a4f00000| Untracked 
|  50|0x00000000a5000000, 0x00000000a5000000, 0x00000000a5100000|  0%| F|  |TAMS 0x00000000a5000000, 0x00000000a5000000| Untracked 
|  51|0x00000000a5100000, 0x00000000a5100000, 0x00000000a5200000|  0%| F|  |TAMS 0x00000000a5100000, 0x00000000a5100000| Untracked 
|  52|0x00000000a5200000, 0x00000000a5200000, 0x00000000a5300000|  0%| F|  |TAMS 0x00000000a5200000, 0x00000000a5200000| Untracked 
|  53|0x00000000a5300000, 0x00000000a5300000, 0x00000000a5400000|  0%| F|  |TAMS 0x00000000a5300000, 0x00000000a5300000| Untracked 
|  54|0x00000000a5400000, 0x00000000a5400000, 0x00000000a5500000|  0%| F|  |TAMS 0x00000000a5400000, 0x00000000a5400000| Untracked 
|  55|0x00000000a5500000, 0x00000000a5500000, 0x00000000a5600000|  0%| F|  |TAMS 0x00000000a5500000, 0x00000000a5500000| Untracked 
|  56|0x00000000a5600000, 0x00000000a5600000, 0x00000000a5700000|  0%| F|  |TAMS 0x00000000a5600000, 0x00000000a5600000| Untracked 
|  57|0x00000000a5700000, 0x00000000a5700000, 0x00000000a5800000|  0%| F|  |TAMS 0x00000000a5700000, 0x00000000a5700000| Untracked 
|  58|0x00000000a5800000, 0x00000000a5800000, 0x00000000a5900000|  0%| F|  |TAMS 0x00000000a5800000, 0x00000000a5800000| Untracked 
|  59|0x00000000a5900000, 0x00000000a5900000, 0x00000000a5a00000|  0%| F|  |TAMS 0x00000000a5900000, 0x00000000a5900000| Untracked 
|  60|0x00000000a5a00000, 0x00000000a5a00000, 0x00000000a5b00000|  0%| F|  |TAMS 0x00000000a5a00000, 0x00000000a5a00000| Untracked 
|  61|0x00000000a5b00000, 0x00000000a5b00000, 0x00000000a5c00000|  0%| F|  |TAMS 0x00000000a5b00000, 0x00000000a5b00000| Untracked 
|  62|0x00000000a5c00000, 0x00000000a5c00000, 0x00000000a5d00000|  0%| F|  |TAMS 0x00000000a5c00000, 0x00000000a5c00000| Untracked 
|  63|0x00000000a5d00000, 0x00000000a5d00000, 0x00000000a5e00000|  0%| F|  |TAMS 0x00000000a5d00000, 0x00000000a5d00000| Untracked 
|  64|0x00000000a5e00000, 0x00000000a5e00000, 0x00000000a5f00000|  0%| F|  |TAMS 0x00000000a5e00000, 0x00000000a5e00000| Untracked 
|  65|0x00000000a5f00000, 0x00000000a5f00000, 0x00000000a6000000|  0%| F|  |TAMS 0x00000000a5f00000, 0x00000000a5f00000| Untracked 
|  66|0x00000000a6000000, 0x00000000a6000000, 0x00000000a6100000|  0%| F|  |TAMS 0x00000000a6000000, 0x00000000a6000000| Untracked 
|  67|0x00000000a6100000, 0x00000000a6100000, 0x00000000a6200000|  0%| F|  |TAMS 0x00000000a6100000, 0x00000000a6100000| Untracked 
|  68|0x00000000a6200000, 0x00000000a6200000, 0x00000000a6300000|  0%| F|  |TAMS 0x00000000a6200000, 0x00000000a6200000| Untracked 
|  69|0x00000000a6300000, 0x00000000a6300000, 0x00000000a6400000|  0%| F|  |TAMS 0x00000000a6300000, 0x00000000a6300000| Untracked 
|  70|0x00000000a6400000, 0x00000000a64bf138, 0x00000000a6500000| 74%| S|CS|TAMS 0x00000000a6400000, 0x00000000a6400000| Complete 
|  71|0x00000000a6500000, 0x00000000a6600000, 0x00000000a6600000|100%| S|CS|TAMS 0x00000000a6500000, 0x00000000a6500000| Complete 
|  72|0x00000000a6600000, 0x00000000a6700000, 0x00000000a6700000|100%| S|CS|TAMS 0x00000000a6600000, 0x00000000a6600000| Complete 
|  73|0x00000000a6700000, 0x00000000a6700000, 0x00000000a6800000|  0%| F|  |TAMS 0x00000000a6700000, 0x00000000a6700000| Untracked 
|  74|0x00000000a6800000, 0x00000000a6800000, 0x00000000a6900000|  0%| F|  |TAMS 0x00000000a6800000, 0x00000000a6800000| Untracked 
|  75|0x00000000a6900000, 0x00000000a6900000, 0x00000000a6a00000|  0%| F|  |TAMS 0x00000000a6900000, 0x00000000a6900000| Untracked 
|  76|0x00000000a6a00000, 0x00000000a6a00000, 0x00000000a6b00000|  0%| F|  |TAMS 0x00000000a6a00000, 0x00000000a6a00000| Untracked 
|  77|0x00000000a6b00000, 0x00000000a6b00000, 0x00000000a6c00000|  0%| F|  |TAMS 0x00000000a6b00000, 0x00000000a6b00000| Untracked 
|  78|0x00000000a6c00000, 0x00000000a6c00000, 0x00000000a6d00000|  0%| F|  |TAMS 0x00000000a6c00000, 0x00000000a6c00000| Untracked 
|  79|0x00000000a6d00000, 0x00000000a6d00000, 0x00000000a6e00000|  0%| F|  |TAMS 0x00000000a6d00000, 0x00000000a6d00000| Untracked 
|  80|0x00000000a6e00000, 0x00000000a6e00000, 0x00000000a6f00000|  0%| F|  |TAMS 0x00000000a6e00000, 0x00000000a6e00000| Untracked 
|  81|0x00000000a6f00000, 0x00000000a6f00000, 0x00000000a7000000|  0%| F|  |TAMS 0x00000000a6f00000, 0x00000000a6f00000| Untracked 
|  82|0x00000000a7000000, 0x00000000a7000000, 0x00000000a7100000|  0%| F|  |TAMS 0x00000000a7000000, 0x00000000a7000000| Untracked 
|  83|0x00000000a7100000, 0x00000000a7100000, 0x00000000a7200000|  0%| F|  |TAMS 0x00000000a7100000, 0x00000000a7100000| Untracked 
|  84|0x00000000a7200000, 0x00000000a7265a30, 0x00000000a7300000| 39%| E|  |TAMS 0x00000000a7200000, 0x00000000a7200000| Complete 
|  85|0x00000000a7300000, 0x00000000a7400000, 0x00000000a7400000|100%| E|CS|TAMS 0x00000000a7300000, 0x00000000a7300000| Complete 
|  86|0x00000000a7400000, 0x00000000a7500000, 0x00000000a7500000|100%| E|CS|TAMS 0x00000000a7400000, 0x00000000a7400000| Complete 
|  87|0x00000000a7500000, 0x00000000a7600000, 0x00000000a7600000|100%| E|CS|TAMS 0x00000000a7500000, 0x00000000a7500000| Complete 
|  88|0x00000000a7600000, 0x00000000a7700000, 0x00000000a7700000|100%| E|CS|TAMS 0x00000000a7600000, 0x00000000a7600000| Complete 
|  89|0x00000000a7700000, 0x00000000a7800000, 0x00000000a7800000|100%| E|CS|TAMS 0x00000000a7700000, 0x00000000a7700000| Complete 
|  90|0x00000000a7800000, 0x00000000a7900000, 0x00000000a7900000|100%| E|CS|TAMS 0x00000000a7800000, 0x00000000a7800000| Complete 
|  91|0x00000000a7900000, 0x00000000a7a00000, 0x00000000a7a00000|100%| E|CS|TAMS 0x00000000a7900000, 0x00000000a7900000| Complete 
|  92|0x00000000a7a00000, 0x00000000a7b00000, 0x00000000a7b00000|100%| E|CS|TAMS 0x00000000a7a00000, 0x00000000a7a00000| Complete 
|  93|0x00000000a7b00000, 0x00000000a7c00000, 0x00000000a7c00000|100%| E|CS|TAMS 0x00000000a7b00000, 0x00000000a7b00000| Complete 
|  94|0x00000000a7c00000, 0x00000000a7d00000, 0x00000000a7d00000|100%| E|CS|TAMS 0x00000000a7c00000, 0x00000000a7c00000| Complete 
|  95|0x00000000a7d00000, 0x00000000a7e00000, 0x00000000a7e00000|100%| E|CS|TAMS 0x00000000a7d00000, 0x00000000a7d00000| Complete 

Card table byte_map: [0x0000014c363d0000,0x0000014c366d0000] _byte_map_base: 0x0000014c35ec1000

Marking Bits (Prev, Next): (CMBitMap*) 0x0000014c1f5cc8e0, (CMBitMap*) 0x0000014c1f5cc920
 Prev Bits: [0x0000014c369d0000, 0x0000014c38158000)
 Next Bits: [0x0000014c38160000, 0x0000014c398e8000)

Polling page: 0x0000014c1d530000

Metaspace:

Usage:
  Non-class:      7.03 MB used.
      Class:      1.04 MB used.
       Both:      8.07 MB used.

Virtual space:
  Non-class space:       16.00 MB reserved,       7.19 MB ( 45%) committed,  2 nodes.
      Class space:        1.00 GB reserved,       1.12 MB ( <1%) committed,  1 nodes.
             Both:        1.02 GB reserved,       8.31 MB ( <1%) committed. 

Chunk freelists:
   Non-Class:  3.56 MB
       Class:  2.70 MB
        Both:  6.26 MB

MaxMetaspaceSize: unlimited
CompressedClassSpaceSize: 1.00 GB
Initial GC threshold: 21.00 MB
Current GC threshold: 21.00 MB
CDS: on
MetaspaceReclaimPolicy: balanced
 - commit_granule_bytes: 65536.
 - commit_granule_words: 8192.
 - virtual_space_node_default_size: 1048576.
 - enlarge_chunks_in_place: 1.
 - new_chunks_are_fully_committed: 0.
 - uncommit_free_chunks: 1.
 - use_allocation_guard: 0.
 - handle_deallocations: 1.


Internal statistics:

num_allocs_failed_limit: 0.
num_arena_births: 138.
num_arena_deaths: 0.
num_vsnodes_births: 3.
num_vsnodes_deaths: 0.
num_space_committed: 133.
num_space_uncommitted: 0.
num_chunks_returned_to_freelist: 0.
num_chunks_taken_from_freelist: 382.
num_chunk_merges: 0.
num_chunk_splits: 262.
num_chunks_enlarged: 204.
num_purges: 0.
num_inconsistent_stats: 0.

CodeHeap 'non-profiled nmethods': size=120000Kb used=388Kb max_used=388Kb free=119611Kb
 bounds [0x0000014c2e870000, 0x0000014c2eae0000, 0x0000014c35da0000]
CodeHeap 'profiled nmethods': size=120000Kb used=2069Kb max_used=2069Kb free=117930Kb
 bounds [0x0000014c27340000, 0x0000014c275b0000, 0x0000014c2e870000]
CodeHeap 'non-nmethods': size=5760Kb used=1247Kb max_used=1248Kb free=4512Kb
 bounds [0x0000014c26da0000, 0x0000014c27010000, 0x0000014c27340000]
 total_blobs=1778 nmethods=1217 adapters=474
 compilation: enabled
              stopped_count=0, restarted_count=0
 full_count=0

Compilation events (20 events):
Event: 1.187 Thread 0x0000014c3c2c9110 1194       3       java.lang.invoke.DirectMethodHandle::constructorMethod (10 bytes)
Event: 1.187 Thread 0x0000014c3c2c9110 nmethod 1194 0x0000014c27532490 code [0x0000014c27532620, 0x0000014c27532818]
Event: 1.187 Thread 0x0000014c3c2c9110 1189       3       java.lang.invoke.MemberName::isField (8 bytes)
Event: 1.188 Thread 0x0000014c3c2c9110 nmethod 1189 0x0000014c27532910 code [0x0000014c27532ac0, 0x0000014c27532cf8]
Event: 1.188 Thread 0x0000014c3c2c9110 1199       1       java.util.ImmutableCollections$SetN::size (5 bytes)
Event: 1.188 Thread 0x0000014c3c2c9110 nmethod 1199 0x0000014c2e8cfc10 code [0x0000014c2e8cfda0, 0x0000014c2e8cfe78]
Event: 1.193 Thread 0x0000014c3c2c9110 1201       1       jdk.internal.loader.URLClassPath$Loader::getBaseURL (5 bytes)
Event: 1.193 Thread 0x0000014c3c2c9110 nmethod 1201 0x0000014c2e8cff10 code [0x0000014c2e8d00a0, 0x0000014c2e8d0178]
Event: 1.195 Thread 0x0000014c3c2c9110 1202       1       java.util.jar.Attributes$Name::hashCode (5 bytes)
Event: 1.195 Thread 0x0000014c3c2c9110 nmethod 1202 0x0000014c2e8d0210 code [0x0000014c2e8d03a0, 0x0000014c2e8d0478]
Event: 1.199 Thread 0x0000014c3c2c9110 1203       3       java.io.File::exists (34 bytes)
Event: 1.200 Thread 0x0000014c3c2c9110 nmethod 1203 0x0000014c27532e10 code [0x0000014c27533000, 0x0000014c275334c8]
Event: 1.200 Thread 0x0000014c3c2c9110 1204       1       java.net.URL::getUserInfo (5 bytes)
Event: 1.201 Thread 0x0000014c3c2c9110 nmethod 1204 0x0000014c2e8d0510 code [0x0000014c2e8d06a0, 0x0000014c2e8d0778]
Event: 1.203 Thread 0x0000014c3c2c9110 1205       3       java.lang.System$2::findBootstrapClassOrNull (5 bytes)
Event: 1.203 Thread 0x0000014c3c2c9110 nmethod 1205 0x0000014c27533690 code [0x0000014c27533840, 0x0000014c27533a58]
Event: 1.204 Thread 0x0000014c3c2c9110 1206       3       java.lang.ClassLoader::findBootstrapClassOrNull (14 bytes)
Event: 1.204 Thread 0x0000014c3c2c9110 nmethod 1206 0x0000014c27533b90 code [0x0000014c27533d40, 0x0000014c27533ef8]
Event: 1.207 Thread 0x0000014c3c2c9110 1207       3       sun.net.www.ParseUtil::firstEncodeIndex (86 bytes)
Event: 1.208 Thread 0x0000014c3c2c9110 nmethod 1207 0x0000014c27533f90 code [0x0000014c275341e0, 0x0000014c27534ba8]

GC Heap History (2 events):
Event: 0.920 GC heap before
{Heap before GC invocations=0 (full 0):
 garbage-first heap   total 98304K, used 22528K [0x00000000a1e00000, 0x0000000100000000)
  region size 1024K, 23 young (23552K), 0 survivors (0K)
 Metaspace       used 4950K, committed 5184K, reserved 1056768K
  class space    used 607K, committed 704K, reserved 1048576K
}
Event: 0.923 GC heap after
{Heap after GC invocations=1 (full 0):
 garbage-first heap   total 98304K, used 2812K [0x00000000a1e00000, 0x0000000100000000)
  region size 1024K, 3 young (3072K), 3 survivors (3072K)
 Metaspace       used 4950K, committed 5184K, reserved 1056768K
  class space    used 607K, committed 704K, reserved 1048576K
}

Deoptimization events (20 events):
Event: 1.045 Thread 0x0000014c3d4f93e0 Uncommon trap: trap_request=0xffffffde fr.pc=0x0000014c2e8c64cc relative=0x000000000000040c
Event: 1.045 Thread 0x0000014c3d4f93e0 Uncommon trap: reason=class_check action=maybe_recompile pc=0x0000014c2e8c64cc method=java.util.HashMap.getNode(Ljava/lang/Object;)Ljava/util/HashMap$Node; @ 128 c2
Event: 1.045 Thread 0x0000014c3d4f93e0 DEOPT PACKING pc=0x0000014c2e8c64cc sp=0x00000022c0dfd090
Event: 1.045 Thread 0x0000014c3d4f93e0 DEOPT UNPACKING pc=0x0000014c26df23a3 sp=0x00000022c0dfd008 mode 2
Event: 1.045 Thread 0x0000014c3d4f93e0 Uncommon trap: trap_request=0xffffffde fr.pc=0x0000014c2e8c64cc relative=0x000000000000040c
Event: 1.045 Thread 0x0000014c3d4f93e0 Uncommon trap: reason=class_check action=maybe_recompile pc=0x0000014c2e8c64cc method=java.util.HashMap.getNode(Ljava/lang/Object;)Ljava/util/HashMap$Node; @ 128 c2
Event: 1.045 Thread 0x0000014c3d4f93e0 DEOPT PACKING pc=0x0000014c2e8c64cc sp=0x00000022c0dfd090
Event: 1.045 Thread 0x0000014c3d4f93e0 DEOPT UNPACKING pc=0x0000014c26df23a3 sp=0x00000022c0dfd008 mode 2
Event: 1.045 Thread 0x0000014c3d4f93e0 Uncommon trap: trap_request=0xffffffde fr.pc=0x0000014c2e8c64cc relative=0x000000000000040c
Event: 1.045 Thread 0x0000014c3d4f93e0 Uncommon trap: reason=class_check action=maybe_recompile pc=0x0000014c2e8c64cc method=java.util.HashMap.getNode(Ljava/lang/Object;)Ljava/util/HashMap$Node; @ 128 c2
Event: 1.045 Thread 0x0000014c3d4f93e0 DEOPT PACKING pc=0x0000014c2e8c64cc sp=0x00000022c0dfd090
Event: 1.045 Thread 0x0000014c3d4f93e0 DEOPT UNPACKING pc=0x0000014c26df23a3 sp=0x00000022c0dfd008 mode 2
Event: 1.045 Thread 0x0000014c3d4f93e0 Uncommon trap: trap_request=0xffffff45 fr.pc=0x0000014c2e89ff0c relative=0x000000000000048c
Event: 1.045 Thread 0x0000014c3d4f93e0 Uncommon trap: reason=unstable_if action=reinterpret pc=0x0000014c2e89ff0c method=java.util.HashMap.putVal(ILjava/lang/Object;Ljava/lang/Object;ZZ)Ljava/lang/Object; @ 162 c2
Event: 1.045 Thread 0x0000014c3d4f93e0 DEOPT PACKING pc=0x0000014c2e89ff0c sp=0x00000022c0dfcfd0
Event: 1.045 Thread 0x0000014c3d4f93e0 DEOPT UNPACKING pc=0x0000014c26df23a3 sp=0x00000022c0dfcf70 mode 2
Event: 1.152 Thread 0x0000014c3d4f93e0 Uncommon trap: trap_request=0xffffff45 fr.pc=0x0000014c2e8a3874 relative=0x0000000000000074
Event: 1.152 Thread 0x0000014c3d4f93e0 Uncommon trap: reason=unstable_if action=reinterpret pc=0x0000014c2e8a3874 method=jdk.internal.misc.Unsafe.convEndian(ZI)I @ 4 c2
Event: 1.152 Thread 0x0000014c3d4f93e0 DEOPT PACKING pc=0x0000014c2e8a3874 sp=0x00000022c0dfd2a0
Event: 1.152 Thread 0x0000014c3d4f93e0 DEOPT UNPACKING pc=0x0000014c26df23a3 sp=0x00000022c0dfd1d0 mode 2

Classes unloaded (0 events):
No events

Classes redefined (0 events):
No events

Internal exceptions (20 events):
Event: 0.639 Thread 0x0000014c1f594ac0 Exception <a 'java/lang/NoSuchMethodError'{0x00000000a702e898}: 'void java.lang.invoke.DirectMethodHandle$Holder.invokeStatic(java.lang.Object, java.lang.Object, java.lang.Object)'> (0x00000000a702e898) 
thrown [t:\workspace\open\src\hotspot\share\interpreter\linkResolver.cpp, line 766]
Event: 0.696 Thread 0x0000014c1f594ac0 Exception <a 'java/lang/NoSuchMethodError'{0x00000000a704b348}: 'int java.lang.invoke.DirectMethodHandle$Holder.invokeStaticInit(java.lang.Object, java.lang.Object, java.lang.Object)'> (0x00000000a704b348) 
thrown [t:\workspace\open\src\hotspot\share\interpreter\linkResolver.cpp, line 766]
Event: 0.726 Thread 0x0000014c1f594ac0 Exception <a 'java/lang/NoSuchMethodError'{0x00000000a6ff2698}: 'java.lang.Object java.lang.invoke.DirectMethodHandle$Holder.newInvokeSpecial(java.lang.Object, java.lang.Object, int, java.lang.Object)'> (0x00000000a6ff2698) 
thrown [t:\workspace\open\src\hotspot\share\interpreter\linkResolver.cpp, line 766]
Event: 0.726 Thread 0x0000014c1f594ac0 Exception <a 'java/lang/NoSuchMethodError'{0x00000000a6ff6a78}: 'java.lang.Object java.lang.invoke.DirectMethodHandle$Holder.invokeSpecial(java.lang.Object, java.lang.Object, java.lang.Object, int, java.lang.Object)'> (0x00000000a6ff6a78) 
thrown [t:\workspace\open\src\hotspot\share\interpreter\linkResolver.cpp, line 766]
Event: 0.815 Thread 0x0000014c3d4f93e0 Exception <a 'java/lang/NoSuchMethodError'{0x00000000a6c9dcb0}: 'void java.lang.invoke.DirectMethodHandle$Holder.invokeStaticInit(java.lang.Object)'> (0x00000000a6c9dcb0) 
thrown [t:\workspace\open\src\hotspot\share\interpreter\linkResolver.cpp, line 766]
Event: 0.819 Thread 0x0000014c1f594ac0 Exception <a 'java/lang/NoSuchMethodError'{0x00000000a6e0bfa8}: 'java.lang.Object java.lang.invoke.DirectMethodHandle$Holder.newInvokeSpecial(java.lang.Object, java.lang.Object, java.lang.Object, java.lang.Object, java.lang.Object, java.lang.Object)'> (0x00000000a6e0bfa8) 
thrown [t:\workspace\open\src\hotspot\share\interpreter\linkResolver.cpp, line 766]
Event: 0.838 Thread 0x0000014c1f594ac0 Exception <a 'java/lang/NoSuchMethodError'{0x00000000a6e39880}: 'java.lang.Object java.lang.invoke.DirectMethodHandle$Holder.newInvokeSpecial(java.lang.Object, java.lang.Object, java.lang.Object, java.lang.Object, java.lang.Object)'> (0x00000000a6e39880) 
thrown [t:\workspace\open\src\hotspot\share\interpreter\linkResolver.cpp, line 766]
Event: 0.839 Thread 0x0000014c3d6a2db0 Exception <a 'java/lang/NoSuchMethodError'{0x00000000a6a04290}: 'void java.lang.invoke.DirectMethodHandle$Holder.invokeStatic(java.lang.Object, java.lang.Object, java.lang.Object, java.lang.Object)'> (0x00000000a6a04290) 
thrown [t:\workspace\open\src\hotspot\share\interpreter\linkResolver.cpp, line 766]
Event: 0.912 Thread 0x0000014c3d4f93e0 Exception <a 'java/lang/NoSuchMethodError'{0x00000000a679f198}: 'java.lang.Object java.lang.invoke.DirectMethodHandle$Holder.invokeStaticInit(java.lang.Object, java.lang.Object, java.lang.Object, java.lang.Object)'> (0x00000000a679f198) 
thrown [t:\workspace\open\src\hotspot\share\interpreter\linkResolver.cpp, line 766]
Event: 0.913 Thread 0x0000014c3d4f93e0 Exception <a 'java/lang/NullPointerException'{0x00000000a67aac18}> (0x00000000a67aac18) 
thrown [t:\workspace\open\src\hotspot\share\interpreter\linkResolver.cpp, line 1357]
Event: 0.946 Thread 0x0000014c3d4f93e0 Exception <a 'java/lang/ClassNotFoundException'{0x00000000a7c41d18}: com/sun/glass/ui/win/themes> (0x00000000a7c41d18) 
thrown [t:\workspace\open\src\hotspot\share\prims\jni.cpp, line 535]
Event: 0.950 Thread 0x0000014c3d4f93e0 Exception <a 'java/lang/ClassNotFoundException'{0x00000000a7c4e678}: com/sun/glass/ui/win/themes_fr> (0x00000000a7c4e678) 
thrown [t:\workspace\open\src\hotspot\share\prims\jni.cpp, line 535]
Event: 0.950 Thread 0x0000014c3d4f93e0 Exception <a 'java/lang/ClassNotFoundException'{0x00000000a7c56488}: com/sun/glass/ui/win/themes_fr_FR> (0x00000000a7c56488) 
thrown [t:\workspace\open\src\hotspot\share\prims\jni.cpp, line 535]
Event: 1.068 Thread 0x0000014c3d4f93e0 Exception <a 'java/lang/NoSuchMethodError'{0x00000000a760e510}: 'void java.lang.invoke.DirectMethodHandle$Holder.invokeStaticInit(java.lang.Object, java.lang.Object)'> (0x00000000a760e510) 
thrown [t:\workspace\open\src\hotspot\share\interpreter\linkResolver.cpp, line 766]
Event: 1.079 Thread 0x0000014c3d4f93e0 Exception <a 'java/lang/NoSuchMethodError'{0x00000000a7526e80}: 'void java.lang.invoke.DirectMethodHandle$Holder.invokeSpecial(java.lang.Object, java.lang.Object, java.lang.Object, java.lang.Object, java.lang.Object)'> (0x00000000a7526e80) 
thrown [t:\workspace\open\src\hotspot\share\interpreter\linkResolver.cpp, line 766]
Event: 1.167 Thread 0x0000014c3d4f93e0 Exception <a 'java/lang/NoSuchMethodError'{0x00000000a74d7470}: 'java.lang.Object java.lang.invoke.DirectMethodHandle$Holder.invokeVirtual(java.lang.Object, java.lang.Object, java.lang.Object, java.lang.Object)'> (0x00000000a74d7470) 
thrown [t:\workspace\open\src\hotspot\share\interpreter\linkResolver.cpp, line 766]
Event: 1.181 Thread 0x0000014c3d4f93e0 Exception <a 'java/lang/NoSuchMethodError'{0x00000000a732d0c8}: 'int java.lang.invoke.DirectMethodHandle$Holder.invokeStaticInit(java.lang.Object, java.lang.Object, java.lang.Object, java.lang.Object)'> (0x00000000a732d0c8) 
thrown [t:\workspace\open\src\hotspot\share\interpreter\linkResolver.cpp, line 766]
Event: 1.182 Thread 0x0000014c3d4f93e0 Exception <a 'java/lang/NoSuchMethodError'{0x00000000a73365f0}: 'java.lang.Object java.lang.invoke.DirectMethodHandle$Holder.invokeInterface(java.lang.Object, java.lang.Object)'> (0x00000000a73365f0) 
thrown [t:\workspace\open\src\hotspot\share\interpreter\linkResolver.cpp, line 766]
Event: 1.182 Thread 0x0000014c3d4f93e0 Exception <a 'java/lang/IncompatibleClassChangeError'{0x00000000a7339de8}: Found class java.lang.Object, but interface was expected> (0x00000000a7339de8) 
thrown [t:\workspace\open\src\hotspot\share\interpreter\linkResolver.cpp, line 833]
Event: 1.183 Thread 0x0000014c3d4f93e0 Exception <a 'java/lang/NoSuchMethodError'{0x00000000a733f2d0}: 'int java.lang.invoke.DirectMethodHandle$Holder.invokeStaticInit(java.lang.Object, java.lang.Object)'> (0x00000000a733f2d0) 
thrown [t:\workspace\open\src\hotspot\share\interpreter\linkResolver.cpp, line 766]

VM Operations (14 events):
Event: 0.109 Executing VM operation: HandshakeAllThreads
Event: 0.109 Executing VM operation: HandshakeAllThreads done
Event: 0.157 Executing VM operation: HandshakeAllThreads
Event: 0.157 Executing VM operation: HandshakeAllThreads done
Event: 0.708 Executing VM operation: HandshakeAllThreads
Event: 0.708 Executing VM operation: HandshakeAllThreads done
Event: 0.919 Executing VM operation: G1CollectForAllocation
Event: 0.923 Executing VM operation: G1CollectForAllocation done
Event: 1.003 Executing VM operation: HandshakeAllThreads
Event: 1.003 Executing VM operation: HandshakeAllThreads done
Event: 1.099 Executing VM operation: HandshakeAllThreads
Event: 1.099 Executing VM operation: HandshakeAllThreads done
Event: 1.174 Executing VM operation: HandshakeAllThreads
Event: 1.174 Executing VM operation: HandshakeAllThreads done

Events (20 events):
Event: 1.203 loading class java/net/SocketAddress
Event: 1.204 loading class java/net/SocketAddress done
Event: 1.204 loading class java/net/InetSocketAddress
Event: 1.204 loading class java/net/InetSocketAddress done
Event: 1.204 loading class java/io/EOFException
Event: 1.204 loading class java/io/EOFException done
Event: 1.206 loading class java/net/SocketTimeoutException
Event: 1.206 loading class java/io/InterruptedIOException
Event: 1.206 loading class java/io/InterruptedIOException done
Event: 1.206 loading class java/net/SocketTimeoutException done
Event: 1.207 loading class java/net/Socket
Event: 1.207 loading class java/net/Socket done
Event: 1.208 loading class java/net/SocketImpl
Event: 1.208 loading class java/net/SocketOptions
Event: 1.208 loading class java/net/SocketOptions done
Event: 1.208 loading class java/net/SocketImpl done
Event: 1.209 loading class sun/net/NetProperties
Event: 1.209 loading class sun/net/NetProperties done
Event: 1.209 loading class sun/net/NetProperties$1
Event: 1.209 loading class sun/net/NetProperties$1 done


Dynamic libraries:
0x00007ff605640000 - 0x00007ff605650000 	C:\Program Files\Java\jdk-17.0.1\bin\java.exe
0x00007fffdb9d0000 - 0x00007fffdbbc8000 	C:\WINDOWS\SYSTEM32\ntdll.dll
0x00007fffa58c0000 - 0x00007fffa58d7000 	C:\Program Files\Avast Software\Avast\aswhook.dll
0x00007fffdb370000 - 0x00007fffdb42f000 	C:\WINDOWS\System32\KERNEL32.DLL
0x00007fffd9700000 - 0x00007fffd99d2000 	C:\WINDOWS\System32\KERNELBASE.dll
0x00007fffd9280000 - 0x00007fffd9380000 	C:\WINDOWS\System32\ucrtbase.dll
0x00007fffc58c0000 - 0x00007fffc58d8000 	C:\Program Files\Java\jdk-17.0.1\bin\jli.dll
0x00007fffc1920000 - 0x00007fffc193a000 	C:\Program Files\Java\jdk-17.0.1\bin\VCRUNTIME140.dll
0x00007fffdb280000 - 0x00007fffdb32e000 	C:\WINDOWS\System32\ADVAPI32.dll
0x00007fffda1d0000 - 0x00007fffda26e000 	C:\WINDOWS\System32\msvcrt.dll
0x00007fffdb8f0000 - 0x00007fffdb98c000 	C:\WINDOWS\System32\sechost.dll
0x00007fffdb4e0000 - 0x00007fffdb605000 	C:\WINDOWS\System32\RPCRT4.dll
0x00007fffda820000 - 0x00007fffda9c1000 	C:\WINDOWS\System32\USER32.dll
0x00007fffd9170000 - 0x00007fffd9192000 	C:\WINDOWS\System32\win32u.dll
0x00007fffda9d0000 - 0x00007fffda9fb000 	C:\WINDOWS\System32\GDI32.dll
0x00007fffce4f0000 - 0x00007fffce78a000 	C:\WINDOWS\WinSxS\amd64_microsoft.windows.common-controls_6595b64144ccf1df_6.0.19041.1110_none_60b5254171f9507e\COMCTL32.dll
0x00007fffd95f0000 - 0x00007fffd96ff000 	C:\WINDOWS\System32\gdi32full.dll
0x00007fffd9550000 - 0x00007fffd95ed000 	C:\WINDOWS\System32\msvcp_win.dll
0x00007fffce7f0000 - 0x00007fffce7fa000 	C:\WINDOWS\SYSTEM32\VERSION.dll
0x00007fffdb330000 - 0x00007fffdb362000 	C:\WINDOWS\System32\IMM32.DLL
0x00007fffc5830000 - 0x00007fffc583c000 	C:\Program Files\Java\jdk-17.0.1\bin\vcruntime140_1.dll
0x00007fffb7cc0000 - 0x00007fffb7d4d000 	C:\Program Files\Java\jdk-17.0.1\bin\msvcp140.dll
0x00007fff3ca40000 - 0x00007fff3d5fe000 	C:\Program Files\Java\jdk-17.0.1\bin\server\jvm.dll
0x00007fffda160000 - 0x00007fffda168000 	C:\WINDOWS\System32\PSAPI.DLL
0x00007fffc0f00000 - 0x00007fffc0f09000 	C:\WINDOWS\SYSTEM32\WSOCK32.dll
0x00007fffdac00000 - 0x00007fffdac6b000 	C:\WINDOWS\System32\WS2_32.dll
0x00007fffce0f0000 - 0x00007fffce117000 	C:\WINDOWS\SYSTEM32\WINMM.dll
0x00007fffd7910000 - 0x00007fffd7922000 	C:\WINDOWS\SYSTEM32\kernel.appcore.dll
0x00007fffc05e0000 - 0x00007fffc05ea000 	C:\Program Files\Java\jdk-17.0.1\bin\jimage.dll
0x00007fffd75b0000 - 0x00007fffd7794000 	C:\WINDOWS\SYSTEM32\DBGHELP.DLL
0x00007fffc5dd0000 - 0x00007fffc5e05000 	C:\WINDOWS\SYSTEM32\dbgcore.DLL
0x00007fffd91a0000 - 0x00007fffd9222000 	C:\WINDOWS\System32\bcryptPrimitives.dll
0x00007fffc1730000 - 0x00007fffc1755000 	C:\Program Files\Java\jdk-17.0.1\bin\java.dll
0x00007fffb8af0000 - 0x00007fffb8bc6000 	C:\Program Files\Java\jdk-17.0.1\bin\svml.dll
0x00007fffd9a10000 - 0x00007fffda154000 	C:\WINDOWS\System32\SHELL32.dll
0x00007fffd6e10000 - 0x00007fffd75a2000 	C:\WINDOWS\SYSTEM32\windows.storage.dll
0x00007fffdad60000 - 0x00007fffdb0b5000 	C:\WINDOWS\System32\combase.dll
0x00007fffd8ab0000 - 0x00007fffd8ae0000 	C:\WINDOWS\SYSTEM32\Wldp.dll
0x00007fffdb430000 - 0x00007fffdb4dd000 	C:\WINDOWS\System32\SHCORE.dll
0x00007fffda170000 - 0x00007fffda1c5000 	C:\WINDOWS\System32\shlwapi.dll
0x00007fffd9000000 - 0x00007fffd901f000 	C:\WINDOWS\SYSTEM32\profapi.dll
0x00007fffb9a80000 - 0x00007fffb9a99000 	C:\Program Files\Java\jdk-17.0.1\bin\net.dll
0x00007fffd38e0000 - 0x00007fffd39ec000 	C:\WINDOWS\SYSTEM32\WINHTTP.dll
0x00007fffd8810000 - 0x00007fffd887a000 	C:\WINDOWS\system32\mswsock.dll
0x00007fffb9a60000 - 0x00007fffb9a75000 	C:\Program Files\Java\jdk-17.0.1\bin\nio.dll
0x00007fffb8ad0000 - 0x00007fffb8ae8000 	C:\Program Files\Java\jdk-17.0.1\bin\zip.dll
0x0000014c1d570000 - 0x0000014c1d573000 	C:\Users\alexa\.openjfx\cache\18+12\api-ms-win-core-console-l1-1-0.dll
0x0000014c1d580000 - 0x0000014c1d583000 	C:\Users\alexa\.openjfx\cache\18+12\api-ms-win-core-console-l1-2-0.dll
0x0000014c1d590000 - 0x0000014c1d593000 	C:\Users\alexa\.openjfx\cache\18+12\api-ms-win-core-datetime-l1-1-0.dll
0x0000014c1d5a0000 - 0x0000014c1d5a3000 	C:\Users\alexa\.openjfx\cache\18+12\api-ms-win-core-debug-l1-1-0.dll
0x0000014c1d5b0000 - 0x0000014c1d5b3000 	C:\Users\alexa\.openjfx\cache\18+12\api-ms-win-core-errorhandling-l1-1-0.dll
0x0000014c1f510000 - 0x0000014c1f514000 	C:\Users\alexa\.openjfx\cache\18+12\api-ms-win-core-file-l1-1-0.dll
0x0000014c1f520000 - 0x0000014c1f523000 	C:\Users\alexa\.openjfx\cache\18+12\api-ms-win-core-file-l1-2-0.dll
0x0000014c1f530000 - 0x0000014c1f533000 	C:\Users\alexa\.openjfx\cache\18+12\api-ms-win-core-file-l2-1-0.dll
0x0000014c1f540000 - 0x0000014c1f543000 	C:\Users\alexa\.openjfx\cache\18+12\api-ms-win-core-handle-l1-1-0.dll
0x0000014c1f550000 - 0x0000014c1f553000 	C:\Users\alexa\.openjfx\cache\18+12\api-ms-win-core-heap-l1-1-0.dll
0x0000014c1f560000 - 0x0000014c1f563000 	C:\Users\alexa\.openjfx\cache\18+12\api-ms-win-core-interlocked-l1-1-0.dll
0x0000014c3c370000 - 0x0000014c3c373000 	C:\Users\alexa\.openjfx\cache\18+12\api-ms-win-core-libraryloader-l1-1-0.dll
0x0000014c3c380000 - 0x0000014c3c383000 	C:\Users\alexa\.openjfx\cache\18+12\api-ms-win-core-localization-l1-2-0.dll
0x0000014c3c390000 - 0x0000014c3c393000 	C:\Users\alexa\.openjfx\cache\18+12\api-ms-win-core-memory-l1-1-0.dll
0x0000014c3c3a0000 - 0x0000014c3c3a3000 	C:\Users\alexa\.openjfx\cache\18+12\api-ms-win-core-namedpipe-l1-1-0.dll
0x0000014c3c3b0000 - 0x0000014c3c3b3000 	C:\Users\alexa\.openjfx\cache\18+12\api-ms-win-core-processenvironment-l1-1-0.dll
0x0000014c3c3c0000 - 0x0000014c3c3c3000 	C:\Users\alexa\.openjfx\cache\18+12\api-ms-win-core-processthreads-l1-1-0.dll
0x0000014c3c3d0000 - 0x0000014c3c3d3000 	C:\Users\alexa\.openjfx\cache\18+12\api-ms-win-core-processthreads-l1-1-1.dll
0x0000014c3c3e0000 - 0x0000014c3c3e3000 	C:\Users\alexa\.openjfx\cache\18+12\api-ms-win-core-profile-l1-1-0.dll
0x0000014c3c3f0000 - 0x0000014c3c3f3000 	C:\Users\alexa\.openjfx\cache\18+12\api-ms-win-core-rtlsupport-l1-1-0.dll
0x0000014c3d930000 - 0x0000014c3d933000 	C:\Users\alexa\.openjfx\cache\18+12\api-ms-win-core-string-l1-1-0.dll
0x0000014c3d940000 - 0x0000014c3d943000 	C:\Users\alexa\.openjfx\cache\18+12\api-ms-win-core-synch-l1-1-0.dll
0x0000014c3d950000 - 0x0000014c3d953000 	C:\Users\alexa\.openjfx\cache\18+12\api-ms-win-core-synch-l1-2-0.dll
0x0000014c3d960000 - 0x0000014c3d963000 	C:\Users\alexa\.openjfx\cache\18+12\api-ms-win-core-sysinfo-l1-1-0.dll
0x0000014c3d970000 - 0x0000014c3d973000 	C:\Users\alexa\.openjfx\cache\18+12\api-ms-win-core-timezone-l1-1-0.dll
0x0000014c3d980000 - 0x0000014c3d983000 	C:\Users\alexa\.openjfx\cache\18+12\api-ms-win-core-util-l1-1-0.dll
0x0000014c3d990000 - 0x0000014c3d993000 	C:\Users\alexa\.openjfx\cache\18+12\api-ms-win-crt-conio-l1-1-0.dll
0x0000014c3d9a0000 - 0x0000014c3d9a4000 	C:\Users\alexa\.openjfx\cache\18+12\api-ms-win-crt-convert-l1-1-0.dll
0x0000014c3d9b0000 - 0x0000014c3d9b3000 	C:\Users\alexa\.openjfx\cache\18+12\api-ms-win-crt-environment-l1-1-0.dll
0x0000014c3d9c0000 - 0x0000014c3d9c3000 	C:\Users\alexa\.openjfx\cache\18+12\api-ms-win-crt-filesystem-l1-1-0.dll
0x0000014c3d9d0000 - 0x0000014c3d9d3000 	C:\Users\alexa\.openjfx\cache\18+12\api-ms-win-crt-heap-l1-1-0.dll
0x0000014c3d9e0000 - 0x0000014c3d9e3000 	C:\Users\alexa\.openjfx\cache\18+12\api-ms-win-crt-locale-l1-1-0.dll
0x0000014c3d9f0000 - 0x0000014c3d9f5000 	C:\Users\alexa\.openjfx\cache\18+12\api-ms-win-crt-math-l1-1-0.dll
0x0000014c3da00000 - 0x0000014c3da05000 	C:\Users\alexa\.openjfx\cache\18+12\api-ms-win-crt-multibyte-l1-1-0.dll
0x0000014c3da10000 - 0x0000014c3da20000 	C:\Users\alexa\.openjfx\cache\18+12\api-ms-win-crt-private-l1-1-0.dll
0x0000014c3da20000 - 0x0000014c3da23000 	C:\Users\alexa\.openjfx\cache\18+12\api-ms-win-crt-process-l1-1-0.dll
0x0000014c3da30000 - 0x0000014c3da34000 	C:\Users\alexa\.openjfx\cache\18+12\api-ms-win-crt-runtime-l1-1-0.dll
0x0000014c3da40000 - 0x0000014c3da44000 	C:\Users\alexa\.openjfx\cache\18+12\api-ms-win-crt-stdio-l1-1-0.dll
0x0000014c3da50000 - 0x0000014c3da54000 	C:\Users\alexa\.openjfx\cache\18+12\api-ms-win-crt-string-l1-1-0.dll
0x0000014c3da60000 - 0x0000014c3da63000 	C:\Users\alexa\.openjfx\cache\18+12\api-ms-win-crt-time-l1-1-0.dll
0x0000014c3da70000 - 0x0000014c3da73000 	C:\Users\alexa\.openjfx\cache\18+12\api-ms-win-crt-utility-l1-1-0.dll
0x00007fff9e830000 - 0x00007fff9e92c000 	C:\Users\alexa\.openjfx\cache\18+12\ucrtbase.dll
0x00007fffc5890000 - 0x00007fffc58aa000 	C:\Users\alexa\.openjfx\cache\18+12\vcruntime140.dll
0x00007fffd24e0000 - 0x00007fffd24ec000 	C:\Users\alexa\.openjfx\cache\18+12\vcruntime140_1.dll
0x00007fffad050000 - 0x00007fffad0dd000 	C:\Users\alexa\.openjfx\cache\18+12\msvcp140.dll
0x00007fffb8940000 - 0x00007fffb896c000 	C:\Users\alexa\.openjfx\cache\18+12\prism_d3d.dll
0x00007fff6f6d0000 - 0x00007fff6f89e000 	C:\WINDOWS\system32\d3d9.dll
0x00007fffd6710000 - 0x00007fffd673f000 	C:\WINDOWS\SYSTEM32\dwmapi.dll
0x00007fffd65b0000 - 0x00007fffd664e000 	C:\WINDOWS\system32\uxtheme.dll
0x00007fffcddd0000 - 0x00007fffcdfa8000 	C:\WINDOWS\System32\DriverStore\FileRepository\u0357260.inf_amd64_fa18ecfa3e423e12\B357263\aticfx64.dll
0x00007fff7d080000 - 0x00007fff7d0b1000 	C:\WINDOWS\System32\DriverStore\FileRepository\u0357260.inf_amd64_fa18ecfa3e423e12\B357263\atiu9p64.dll
0x00007fff6ea60000 - 0x00007fff6f6ca000 	C:\WINDOWS\System32\DriverStore\FileRepository\u0357260.inf_amd64_fa18ecfa3e423e12\B357263\atiumd64.dll
0x00007fffdb150000 - 0x00007fffdb27a000 	C:\WINDOWS\System32\ole32.dll
0x0000000074450000 - 0x00000000751f5000 	C:\WINDOWS\System32\DriverStore\FileRepository\u0357260.inf_amd64_fa18ecfa3e423e12\B357263\atiumd6a.dll
0x00007fffd8f30000 - 0x00007fffd8f7b000 	C:\WINDOWS\SYSTEM32\POWRPROF.dll
0x00007fffd8f10000 - 0x00007fffd8f22000 	C:\WINDOWS\SYSTEM32\UMPDC.dll
0x00007fffce080000 - 0x00007fffce0ae000 	C:\WINDOWS\SYSTEM32\amdihk64.dll
0x00007fff9f690000 - 0x00007fff9f6d2000 	C:\Users\alexa\.openjfx\cache\18+12\glass.dll
0x00007fffdac80000 - 0x00007fffdad5a000 	C:\WINDOWS\System32\COMDLG32.dll
0x00007fffdb610000 - 0x00007fffdb6dd000 	C:\WINDOWS\System32\OLEAUT32.dll
0x00007fffdaa00000 - 0x00007fffdab15000 	C:\WINDOWS\System32\MSCTF.dll
0x00007fffce790000 - 0x00007fffce7cb000 	C:\WINDOWS\SYSTEM32\dxcore.dll
0x00007fffd9230000 - 0x00007fffd927e000 	C:\WINDOWS\System32\cfgmgr32.dll
0x00007fffc5850000 - 0x00007fffc5864000 	C:\Users\alexa\.openjfx\cache\18+12\javafx_font.dll
0x00007fffd84d0000 - 0x00007fffd859a000 	C:\WINDOWS\SYSTEM32\DNSAPI.dll
0x00007fffd8490000 - 0x00007fffd84cb000 	C:\WINDOWS\SYSTEM32\IPHLPAPI.DLL
0x00007fffdac70000 - 0x00007fffdac78000 	C:\WINDOWS\System32\NSI.dll
0x00007fffd17e0000 - 0x00007fffd17ea000 	C:\Windows\System32\rasadhlp.dll
0x00007fffcd150000 - 0x00007fffcd1d0000 	C:\WINDOWS\System32\fwpuclnt.dll
0x00007fffd99e0000 - 0x00007fffd9a07000 	C:\WINDOWS\System32\bcrypt.dll
0x00007fffb8930000 - 0x00007fffb8939000 	C:\Program Files\Java\jdk-17.0.1\bin\management.dll
0x00007fffb8330000 - 0x00007fffb833b000 	C:\Program Files\Java\jdk-17.0.1\bin\management_ext.dll

dbghelp: loaded successfully - version: 4.0.5 - missing functions: none
symbol engine: initialized successfully - sym options: 0x614 - pdb path: .;C:\Program Files\Java\jdk-17.0.1\bin;C:\WINDOWS\SYSTEM32;C:\Program Files\Avast Software\Avast;C:\WINDOWS\WinSxS\amd64_microsoft.windows.common-controls_6595b64144ccf1df_6.0.19041.1110_none_60b5254171f9507e;C:\Program Files\Java\jdk-17.0.1\bin\server;C:\Users\alexa\.openjfx\cache\18+12;C:\WINDOWS\System32\DriverStore\FileRepository\u0357260.inf_amd64_fa18ecfa3e423e12\B357263

VM Arguments:
jvm_args: --module-path=C:\Users\alexa\.m2\repository\org\openjfx\javafx-base\18\javafx-base-18-win.jar;C:\Users\alexa\.m2\repository\org\openjfx\javafx-base\18\javafx-base-18.jar;C:\Users\alexa\.m2\repository\org\openjfx\javafx-controls\18\javafx-controls-18-win.jar;C:\Users\alexa\.m2\repository\org\openjfx\javafx-controls\18\javafx-controls-18.jar;C:\Users\alexa\.m2\repository\org\openjfx\javafx-graphics\18\javafx-graphics-18-win.jar;C:\Users\alexa\.m2\repository\org\openjfx\javafx-graphics\18\javafx-graphics-18.jar;C:\Users\alexa\.m2\repository\org\openjfx\javafx-media\18\javafx-media-18-win.jar;C:\Users\alexa\.m2\repository\org\openjfx\javafx-media\18\javafx-media-18.jar;C:\Users\alexa\.m2\repository\org\openjfx\javafx-web\18\javafx-web-18-win.jar;C:\Users\alexa\.m2\repository\org\openjfx\javafx-web\18\javafx-web-18.jar --add-modules=javafx.base,javafx.controls,javafx.graphics,javafx.media,javafx.web 
java_command: fr.insa.mariannie.infom3.GraphUserInterface
java_class_path (initial): C:\Users\alexa\Documents\NetBeansProjects\projetInfo3\target\classes;C:\Users\alexa\.m2\repository\org\checkerframework\checker-qual\3.5.0\checker-qual-3.5.0.jar;C:\Users\alexa\.m2\repository\org\postgresql\postgresql\42.5.0\postgresql-42.5.0.jar
Launcher Type: SUN_STANDARD

[Global flags]
     intx CICompilerCount                          = 4                                         {product} {ergonomic}
     uint ConcGCThreads                            = 2                                         {product} {ergonomic}
     uint G1ConcRefinementThreads                  = 8                                         {product} {ergonomic}
   size_t G1HeapRegionSize                         = 1048576                                   {product} {ergonomic}
    uintx GCDrainStackTargetSize                   = 64                                        {product} {ergonomic}
   size_t InitialHeapSize                          = 100663296                                 {product} {ergonomic}
   size_t MarkStackSize                            = 4194304                                   {product} {ergonomic}
   size_t MaxHeapSize                              = 1579155456                                {product} {ergonomic}
   size_t MaxNewSize                               = 946864128                                 {product} {ergonomic}
   size_t MinHeapDeltaBytes                        = 1048576                                   {product} {ergonomic}
   size_t MinHeapSize                              = 8388608                                   {product} {ergonomic}
    uintx NonNMethodCodeHeapSize                   = 5839372                                {pd product} {ergonomic}
    uintx NonProfiledCodeHeapSize                  = 122909434                              {pd product} {ergonomic}
    uintx ProfiledCodeHeapSize                     = 122909434                              {pd product} {ergonomic}
    uintx ReservedCodeCacheSize                    = 251658240                              {pd product} {ergonomic}
     bool SegmentedCodeCache                       = true                                      {product} {ergonomic}
   size_t SoftMaxHeapSize                          = 1579155456                             {manageable} {ergonomic}
     bool UseCompressedClassPointers               = true                           {product lp64_product} {ergonomic}
     bool UseCompressedOops                        = true                           {product lp64_product} {ergonomic}
     bool UseG1GC                                  = true                                      {product} {ergonomic}
     bool UseLargePagesIndividualAllocation        = false                                  {pd product} {ergonomic}

Logging:
Log output configuration:
 #0: stdout all=warning uptime,level,tags
 #1: stderr all=off uptime,level,tags

Environment Variables:
JAVA_HOME=C:\Program Files\Java\jdk-17.0.1
PATH=C:\Program Files\Common Files\Oracle\Java\javapath;C:\WINDOWS\system32;C:\WINDOWS;C:\WINDOWS\System32\Wbem;C:\WINDOWS\System32\WindowsPowerShell\v1.0\;C:\WINDOWS\System32\OpenSSH\;C:\Program Files (x86)\Calibre2\;C:\Program Files\MongoDB\Server\4.2\bin;C:\Users\alexa\AppData\Local\Microsoft\WindowsApps;C:\Program Files\MongoDB\Server\4.2\bin;
USERNAME=alexa
OS=Windows_NT
PROCESSOR_IDENTIFIER=AMD64 Family 23 Model 24 Stepping 1, AuthenticAMD



---------------  S Y S T E M  ---------------

OS:
 Windows 10 , 64 bit Build 19041 (10.0.19041.2364)
OS uptime: 1 days 23:17 hours

CPU: total 8 (initial active 8) (8 cores per cpu, 2 threads per core) family 23 model 24 stepping 1 microcode 0x0, cx8, cmov, fxsr, ht, mmx, 3dnowpref, sse, sse2, sse3, ssse3, sse4a, sse4.1, sse4.2, popcnt, lzcnt, tsc, tscinvbit, avx, avx2, aes, clmul, bmi1, bmi2, adx, sha, fma, vzeroupper, clflush, clflushopt

Memory: 4k page, system-wide physical 6018M (117M free)
TotalPageFile size 24450M (AvailPageFile size 0M)
current process WorkingSet (physical memory assigned to process): 96M, peak: 96M
current process commit charge ("private bytes"): 225M, peak: 225M

vm_info: Java HotSpot(TM) 64-Bit Server VM (17.0.1+12-LTS-39) for windows-amd64 JRE (17.0.1+12-LTS-39), built on Sep 27 2021 18:41:35 by "mach5one" with MS VC++ 16.8 (VS2019)

END.
